[+] Containers:
 |- [+] Container: /Game/ThirdPerson/Maps/ThirdPersonMap
 |   |- [+] ActorDescs:
 |   |   |- Guid:060F5C17415C4227F3DAF7963A9D5E12 BaseClass:/Game/Characters/AI_Boss/Helpers/BP_SpecificTravelPoint.BP_SpecificTravelPoint_C NativeClass:/Script/Engine.Actor Name:BP_SpecificTravelPoint_C_UAID_107C6107A01D280D02_1820240265 Label:BP_SpecificTravelPoint2 SpatiallyLoaded:1 Bounds:IsValid=true, Min=(X=2549.482 Y=4003.521 Z=-5.466), Max=(X=2613.011 Y=4076.389 Z=117.630) RuntimeGrid:None EditorOnly:0 RuntimeOnly:0 HLODRelevant:0 ListedInSceneOutliner:1 IsMainWorldOnly:0 FolderPath:BossTravelPoints FolderGuid:EE1B13E14DB02B49C8FFCCBD8D01F9E6
 |   |   |- Guid:0F7995D04152670BEAD13A8D784C1F5A BaseClass: NativeClass:/Script/Engine.StaticMeshActor Name:StaticMeshActor_UAID_107C6107A01D971102_1450538027 Label:SM_Ramp7 SpatiallyLoaded:1 Bounds:IsValid=true, Min=(X=-1736.250 Y=3543.750 Z=-29.937), Max=(X=-1536.250 Y=4368.750 Z=95.063) RuntimeGrid:None EditorOnly:0 RuntimeOnly:0 HLODRelevant:1 ListedInSceneOutliner:1 IsMainWorldOnly:0
 |   |   |- Guid:1EE8D00E468ADA482331C7B2D6F951F6 BaseClass: NativeClass:/Script/NavigationSystem.RecastNavMesh Name:RecastNavMesh_UAID_107C6107A01DE10C02-Default Label:RecastNavMesh-Default SpatiallyLoaded:0 Bounds:IsValid=true, Min=(X=0.000 Y=0.000 Z=0.000), Max=(X=0.000 Y=0.000 Z=0.000) RuntimeGrid:None EditorOnly:0 RuntimeOnly:0 HLODRelevant:0 ListedInSceneOutliner:1 IsMainWorldOnly:0
 |   |   |- Guid:24762E9F4D83F28C85E3E1B57E23C830 BaseClass: NativeClass:/Script/Engine.StaticMeshActor Name:StaticMeshActor_UAID_107C6107A01D971102_1485229033 Label:SM_Ramp10 SpatiallyLoaded:1 Bounds:IsValid=true, Min=(X=25.000 Y=527.500 Z=-29.937), Max=(X=850.000 Y=727.500 Z=95.063) RuntimeGrid:None EditorOnly:0 RuntimeOnly:0 HLODRelevant:1 ListedInSceneOutliner:1 IsMainWorldOnly:0
 |   |   |- Guid:2B3670CA45AB8B556B21E19AA2D4C60A BaseClass: NativeClass:/Script/Engine.StaticMeshActor Name:StaticMeshActor_UAID_107C6107A01D3C1102_1421128008 Label:SM_Cube8 SpatiallyLoaded:1 Bounds:IsValid=true, Min=(X=-2260.000 Y=0.000 Z=0.000), Max=(X=5240.000 Y=100.000 Z=400.000) RuntimeGrid:None EditorOnly:0 RuntimeOnly:0 HLODRelevant:1 ListedInSceneOutliner:1 IsMainWorldOnly:0 FolderPath:Playground FolderGuid:C73F09FC4215536B1DCE2A9E0A830C70
 |   |   |- Guid:2FB58999456391D349DC0F86DAC136ED BaseClass: NativeClass:/Script/Engine.SkyLight Name:SkyLight_1 Label:SkyLight SpatiallyLoaded:0 Bounds:IsValid=true, Min=(X=0.000 Y=0.000 Z=690.000), Max=(X=0.000 Y=0.000 Z=690.000) RuntimeGrid:None EditorOnly:0 RuntimeOnly:0 HLODRelevant:0 ListedInSceneOutliner:1 IsMainWorldOnly:0 FolderPath:Lighting FolderGuid:963EC3EB4002CCE9759E2EBA541A873A
 |   |   |- Guid:30BB6F5448BEB04689878EA8CCD3C08C BaseClass: NativeClass:/Script/Engine.StaticMeshActor Name:StaticMeshActor_UAID_107C6107A01D971102_1509261038 Label:SM_Ramp12 SpatiallyLoaded:1 Bounds:IsValid=true, Min=(X=4616.250 Y=4363.750 Z=-29.937), Max=(X=4816.250 Y=5188.750 Z=95.063) RuntimeGrid:None EditorOnly:0 RuntimeOnly:0 HLODRelevant:1 ListedInSceneOutliner:1 IsMainWorldOnly:0
 |   |   |- Guid:316CF2A6494ACA4C0E4180A87D36AB8F BaseClass: NativeClass:/Script/Engine.ExponentialHeightFog Name:ExponentialHeightFog_0 Label:ExponentialHeightFog SpatiallyLoaded:0 Bounds:IsValid=true, Min=(X=-5600.000 Y=-50.000 Z=-6850.000), Max=(X=-5600.000 Y=-50.000 Z=-6850.000) RuntimeGrid:None EditorOnly:0 RuntimeOnly:0 HLODRelevant:0 ListedInSceneOutliner:1 IsMainWorldOnly:0 FolderPath:Lighting FolderGuid:963EC3EB4002CCE9759E2EBA541A873A
 |   |   |- Guid:39B30EAD4211D5568A42909AA2136E91 BaseClass:/Game/Characters/AI_Boss/Helpers/BP_TravelPlatform.BP_TravelPlatform_C NativeClass:/Script/Engine.Actor Name:BP_TravelPlatform_C_UAID_107C6107A01D981102_1678209224 Label:BP_TravelPlatform3 SpatiallyLoaded:1 Bounds:IsValid=true, Min=(X=-2227.500 Y=2156.250 Z=0.000), Max=(X=-1252.500 Y=3643.750 Z=100.000) RuntimeGrid:None EditorOnly:0 RuntimeOnly:0 HLODRelevant:0 ListedInSceneOutliner:1 IsMainWorldOnly:0
 |   |   |- Guid:4220B1EB4866D8D162EAF0AA0746DC51 BaseClass: NativeClass:/Script/Engine.StaticMeshActor Name:StaticMeshActor_UAID_107C6107A01D971102_1450538026 Label:SM_Ramp6 SpatiallyLoaded:1 Bounds:IsValid=true, Min=(X=-1736.250 Y=1378.750 Z=-29.937), Max=(X=-1536.250 Y=2203.750 Z=95.063) RuntimeGrid:None EditorOnly:0 RuntimeOnly:0 HLODRelevant:1 ListedInSceneOutliner:1 IsMainWorldOnly:0
 |   |   |- Guid:43815E84492231AFC407F59E3C28176B BaseClass: NativeClass:/Script/Engine.StaticMeshActor Name:StaticMeshActor_4 Label:SM_Cube6 SpatiallyLoaded:1 Bounds:IsValid=true, Min=(X=5170.000 Y=0.000 Z=0.000), Max=(X=5270.000 Y=6700.000 Z=400.000) RuntimeGrid:None EditorOnly:0 RuntimeOnly:0 HLODRelevant:1 ListedInSceneOutliner:1 IsMainWorldOnly:0 FolderPath:Playground FolderGuid:C73F09FC4215536B1DCE2A9E0A830C70
 |   |   |- Guid:4D3BE93F4146AAAC8BBE79999D96D57F BaseClass: NativeClass:/Script/Engine.VolumetricCloud Name:VolumetricCloud_0 Label:VolumetricCloud SpatiallyLoaded:0 Bounds:IsValid=true, Min=(X=0.000 Y=0.000 Z=820.000), Max=(X=0.000 Y=0.000 Z=820.000) RuntimeGrid:None EditorOnly:0 RuntimeOnly:0 HLODRelevant:0 ListedInSceneOutliner:1 IsMainWorldOnly:0 FolderPath:Lighting FolderGuid:963EC3EB4002CCE9759E2EBA541A873A
 |   |   |- Guid:5136815D4879D419D7D45380E4D1B0A6 BaseClass:/Game/Characters/AI_Boss/Helpers/BP_TravelPlatform.BP_TravelPlatform_C NativeClass:/Script/Engine.Actor Name:BP_TravelPlatform_C_UAID_107C6107A01D971102_1870665042 Label:BP_TravelPlatform SpatiallyLoaded:1 Bounds:IsValid=true, Min=(X=766.250 Y=82.500 Z=0.000), Max=(X=2253.750 Y=1057.500 Z=100.000) RuntimeGrid:None EditorOnly:0 RuntimeOnly:0 HLODRelevant:0 ListedInSceneOutliner:1 IsMainWorldOnly:0
 |   |   |- Guid:57D9E8D04729536C433690B6F8F6C563 BaseClass:/Game/Characters/AI_Boss/Helpers/BP_SpecificTravelPoint.BP_SpecificTravelPoint_C NativeClass:/Script/Engine.Actor Name:BP_SpecificTravelPoint_C_UAID_107C6107A01D280D02_1812804264 Label:BP_SpecificTravelPoint SpatiallyLoaded:1 Bounds:IsValid=true, Min=(X=1259.482 Y=6483.521 Z=84.534), Max=(X=1323.011 Y=6556.389 Z=207.630) RuntimeGrid:None EditorOnly:0 RuntimeOnly:0 HLODRelevant:0 ListedInSceneOutliner:1 IsMainWorldOnly:0 FolderPath:BossTravelPoints FolderGuid:EE1B13E14DB02B49C8FFCCBD8D01F9E6
 |   |   |- Guid:5AEE714F4D31F0E87DE2C19DF9EEC902 BaseClass: NativeClass:/Script/Engine.StaticMeshActor Name:StaticMeshActor_UAID_107C6107A01D971102_1485228032 Label:SM_Ramp9 SpatiallyLoaded:1 Bounds:IsValid=true, Min=(X=2190.000 Y=527.500 Z=-29.937), Max=(X=3015.000 Y=727.500 Z=95.063) RuntimeGrid:None EditorOnly:0 RuntimeOnly:0 HLODRelevant:1 ListedInSceneOutliner:1 IsMainWorldOnly:0
 |   |   |- Guid:6BAF4DDD444C60371492D3919DB42C97 BaseClass: NativeClass:/Script/Engine.WorldDataLayers Name:WorldDataLayers Label:WorldDataLayers SpatiallyLoaded:0 Bounds:IsValid=true, Min=(X=0.000 Y=0.000 Z=0.000), Max=(X=0.000 Y=0.000 Z=0.000) RuntimeGrid:None EditorOnly:0 RuntimeOnly:0 HLODRelevant:0 ListedInSceneOutliner:1 IsMainWorldOnly:1
 |   |   |- Guid:7940CBF54392644D0F1BA9ACCFE77177 BaseClass:/Game/Characters/AI_Boss/Helpers/BP_TravelPlatform.BP_TravelPlatform_C NativeClass:/Script/Engine.Actor Name:BP_TravelPlatform_C_UAID_107C6107A01D981102_1697244225 Label:BP_TravelPlatform4 SpatiallyLoaded:1 Bounds:IsValid=true, Min=(X=566.250 Y=5712.500 Z=0.000), Max=(X=2053.750 Y=6687.500 Z=100.000) RuntimeGrid:None EditorOnly:0 RuntimeOnly:0 HLODRelevant:0 ListedInSceneOutliner:1 IsMainWorldOnly:0
 |   |   |- Guid:7C172A0740B33B6D38EEF38A63E0B945 BaseClass: NativeClass:/Script/Engine.StaticMeshActor Name:StaticMeshActor_3 Label:SM_Ramp SpatiallyLoaded:1 Bounds:IsValid=true, Min=(X=-215.000 Y=6030.000 Z=-29.937), Max=(X=610.000 Y=6230.000 Z=95.063) RuntimeGrid:None EditorOnly:0 RuntimeOnly:0 HLODRelevant:1 ListedInSceneOutliner:1 IsMainWorldOnly:0
 |   |   |- Guid:7EF1E5B94724807B01CE3480069458FE BaseClass: NativeClass:/Script/Engine.StaticMeshActor Name:StaticMeshActor_UAID_107C6107A01D401102_1743223729 Label:SM_Ramp4 SpatiallyLoaded:1 Bounds:IsValid=true, Min=(X=735.000 Y=5310.000 Z=-29.937), Max=(X=1860.000 Y=5710.000 Z=95.063) RuntimeGrid:None EditorOnly:0 RuntimeOnly:0 HLODRelevant:1 ListedInSceneOutliner:1 IsMainWorldOnly:0
 |   |   |- Guid:82E5BDC04FB3C3DFBF82C6BEB73739B7 BaseClass: NativeClass:/Script/Engine.StaticMeshActor Name:StaticMeshActor_UAID_107C6107A01D971102_1509259036 Label:SM_Ramp11 SpatiallyLoaded:1 Bounds:IsValid=true, Min=(X=3896.250 Y=3113.750 Z=-29.937), Max=(X=4296.250 Y=4238.750 Z=95.063) RuntimeGrid:None EditorOnly:0 RuntimeOnly:0 HLODRelevant:1 ListedInSceneOutliner:1 IsMainWorldOnly:0
 |   |   |- Guid:93E5851D4CE6D0BF41D0E6B5EBFF7514 BaseClass:/Game/Interfaces/Interact/BP_InteractButton2.BP_InteractButton2_C NativeClass:/Script/Engine.Actor Name:BP_InteractButton2_C_UAID_107C6107A01D991102_1480314406 Label:BP_InteractButton2 SpatiallyLoaded:1 Bounds:IsValid=true, Min=(X=1280.000 Y=1460.000 Z=-32.000), Max=(X=1380.000 Y=1560.000 Z=32.000) RuntimeGrid:None EditorOnly:0 RuntimeOnly:0 HLODRelevant:0 ListedInSceneOutliner:1 IsMainWorldOnly:0
 |   |   |- Guid:A041D6AC4874F4085210A8A0D1CEFA0C BaseClass:/Game/Interfaces/Interact/BP_InteractButton2.BP_InteractButton2_C NativeClass:/Script/Engine.Actor Name:BP_InteractButton2_C_UAID_107C6107A01D9C1102_1707714936 Label:BP_InteractButton3 SpatiallyLoaded:1 Bounds:IsValid=true, Min=(X=1280.000 Y=5220.000 Z=-32.000), Max=(X=1380.000 Y=5320.000 Z=32.000) RuntimeGrid:None EditorOnly:0 RuntimeOnly:0 HLODRelevant:0 ListedInSceneOutliner:1 IsMainWorldOnly:0
 |   |   |- Guid:A2680C8C4EAFE3D9200430819D5E1487 BaseClass: NativeClass:/Script/Engine.StaticMeshActor Name:StaticMeshActor_UAID_107C6107A01D3C1102_1407401007 Label:SM_Cube7 SpatiallyLoaded:1 Bounds:IsValid=true, Min=(X=-2360.000 Y=0.000 Z=0.000), Max=(X=-2260.000 Y=6700.000 Z=400.000) RuntimeGrid:None EditorOnly:0 RuntimeOnly:0 HLODRelevant:1 ListedInSceneOutliner:1 IsMainWorldOnly:0 FolderPath:Playground FolderGuid:C73F09FC4215536B1DCE2A9E0A830C70
 |   |   |- Guid:A6A5769C49C44E316FC53EB0E0B25532 BaseClass: NativeClass:/Script/NavigationSystem.NavMeshBoundsVolume Name:NavMeshBoundsVolume_UAID_107C6107A01DE10C02_1580998770 Label:NavMeshBoundsVolume SpatiallyLoaded:0 Bounds:IsValid=true, Min=(X=-2615.000 Y=-1655.000 Z=-474.937), Max=(X=5635.000 Y=7695.000 Z=675.063) RuntimeGrid:None EditorOnly:0 RuntimeOnly:0 HLODRelevant:0 ListedInSceneOutliner:1 IsMainWorldOnly:0
 |   |   |- Guid:B2BF4EF343A054CE8E44E38072AAC672 BaseClass:/Game/Characters/AI_Boss/Helpers/BP_TravelPlatform.BP_TravelPlatform_C NativeClass:/Script/Engine.Actor Name:BP_TravelPlatform_C_UAID_107C6107A01D971102_1908782043 Label:BP_TravelPlatform2 SpatiallyLoaded:1 Bounds:IsValid=true, Min=(X=4302.500 Y=2956.250 Z=0.000), Max=(X=5277.500 Y=4443.750 Z=100.000) RuntimeGrid:None EditorOnly:0 RuntimeOnly:0 HLODRelevant:0 ListedInSceneOutliner:1 IsMainWorldOnly:0
 |   |   |- Guid:B785ED2844B84CFB91E7F39FE661CD99 BaseClass: NativeClass:/Script/Engine.DirectionalLight Name:DirectionalLight_0 Label:DirectionalLight SpatiallyLoaded:0 Bounds:IsValid=true, Min=(X=-1048576.000 Y=-1048576.000 Z=-1048576.000), Max=(X=1048576.000 Y=1048576.000 Z=1048576.000) RuntimeGrid:None EditorOnly:0 RuntimeOnly:0 HLODRelevant:0 ListedInSceneOutliner:1 IsMainWorldOnly:0 FolderPath:Lighting FolderGuid:963EC3EB4002CCE9759E2EBA541A873A
 |   |   |- Guid:B8EE53D443767002863AD295BF7FA6B2 BaseClass: NativeClass:/Script/Engine.StaticMeshActor Name:StaticMeshActor_UAID_107C6107A01D971102_1485224030 Label:SM_Ramp8 SpatiallyLoaded:1 Bounds:IsValid=true, Min=(X=940.000 Y=1047.500 Z=-29.937), Max=(X=2065.000 Y=1447.500 Z=95.063) RuntimeGrid:None EditorOnly:0 RuntimeOnly:0 HLODRelevant:1 ListedInSceneOutliner:1 IsMainWorldOnly:0
 |   |   |- Guid:C688F2CD4B61FA5F9F524F856021CF29 BaseClass: NativeClass:/Script/Engine.StaticMeshActor Name:StaticMeshActor_UAID_107C6107A01D971102_1509262039 Label:SM_Ramp13 SpatiallyLoaded:1 Bounds:IsValid=true, Min=(X=4616.250 Y=2198.750 Z=-29.937), Max=(X=4816.250 Y=3023.750 Z=95.063) RuntimeGrid:None EditorOnly:0 RuntimeOnly:0 HLODRelevant:1 ListedInSceneOutliner:1 IsMainWorldOnly:0
 |   |   |- Guid:C9E8D51045C548164ACEF5B6AF621A73 BaseClass: NativeClass:/Script/Engine.StaticMeshActor Name:StaticMeshActor_UAID_107C6107A01D401102_1662059728 Label:SM_Ramp3 SpatiallyLoaded:1 Bounds:IsValid=true, Min=(X=1950.000 Y=6030.000 Z=-29.937), Max=(X=2775.000 Y=6230.000 Z=95.063) RuntimeGrid:None EditorOnly:0 RuntimeOnly:0 HLODRelevant:1 ListedInSceneOutliner:1 IsMainWorldOnly:0
 |   |   |- Guid:CA015DAF44F588F79C9A1DA81296BDAB BaseClass: NativeClass:/Script/Engine.PlayerStart Name:PlayerStart_UAID_107C6107A01DD00C02_1653096778 Label:PlayerStart4 SpatiallyLoaded:0 Bounds:IsValid=true, Min=(X=2438.731 Y=498.731 Z=85.786), Max=(X=2541.269 Y=601.269 Z=269.786) RuntimeGrid:None EditorOnly:0 RuntimeOnly:0 HLODRelevant:0 ListedInSceneOutliner:1 IsMainWorldOnly:0 FolderPath:PlayerStart FolderGuid:A4722DE4471C6D2ED0E7BCADC301898F
 |   |   |- Guid:CCFF262C46EEFFDF319E7F9539CE697E BaseClass: NativeClass:/Script/Engine.SkyAtmosphere Name:SkyAtmosphere_0 Label:SkyAtmosphere SpatiallyLoaded:0 Bounds:IsValid=true, Min=(X=0.000 Y=0.000 Z=1020.000), Max=(X=0.000 Y=0.000 Z=1020.000) RuntimeGrid:None EditorOnly:0 RuntimeOnly:0 HLODRelevant:0 ListedInSceneOutliner:1 IsMainWorldOnly:0 FolderPath:Lighting FolderGuid:963EC3EB4002CCE9759E2EBA541A873A
 |   |   |- Guid:EC4E0C944CE6AC6E784BC6BB2916EA13 BaseClass: NativeClass:/Script/Engine.StaticMeshActor Name:StaticMeshActor_UAID_A4AE111137DC5EFB00_1110535423 Label:SM_SkySphere SpatiallyLoaded:0 Bounds:IsValid=true, Min=(X=-1638400.000 Y=-1638400.000 Z=-1638400.000), Max=(X=1638400.000 Y=1638400.000 Z=1638400.000) RuntimeGrid:None EditorOnly:0 RuntimeOnly:0 HLODRelevant:1 ListedInSceneOutliner:1 IsMainWorldOnly:0 FolderPath:Lighting FolderGuid:963EC3EB4002CCE9759E2EBA541A873A
 |   |   |- Guid:F1924B8D48954B30891B2DB6A694F9CC BaseClass: NativeClass:/Script/Engine.StaticMeshActor Name:StaticMeshActor_1 Label:SM_Cube SpatiallyLoaded:1 Bounds:IsValid=true, Min=(X=-2270.000 Y=0.000 Z=-50.000), Max=(X=5180.000 Y=6700.000 Z=0.000) RuntimeGrid:None EditorOnly:0 RuntimeOnly:0 HLODRelevant:1 ListedInSceneOutliner:1 IsMainWorldOnly:0 FolderPath:Playground FolderGuid:C73F09FC4215536B1DCE2A9E0A830C70
 |   |   |- Guid:F5E3FEB3450C49844FD93DA8E083C8AD BaseClass: NativeClass:/Script/Engine.PostProcessVolume Name:PostProcessVolume_0 Label:PostProcessVolume SpatiallyLoaded:0 Bounds:IsValid=true, Min=(X=0.000 Y=0.000 Z=400.000), Max=(X=200.000 Y=200.000 Z=600.000) RuntimeGrid:None EditorOnly:0 RuntimeOnly:0 HLODRelevant:0 ListedInSceneOutliner:1 IsMainWorldOnly:0 FolderPath:Lighting FolderGuid:963EC3EB4002CCE9759E2EBA541A873A
 |   |   |- Guid:FCB972FB49A13A48AF990CA3EE9BF8E1 BaseClass: NativeClass:/Script/Engine.StaticMeshActor Name:StaticMeshActor_UAID_107C6107A01D3C1102_1439875009 Label:SM_Cube10 SpatiallyLoaded:1 Bounds:IsValid=true, Min=(X=-2260.000 Y=6650.000 Z=0.000), Max=(X=5240.000 Y=6750.000 Z=400.000) RuntimeGrid:None EditorOnly:0 RuntimeOnly:0 HLODRelevant:1 ListedInSceneOutliner:1 IsMainWorldOnly:0 FolderPath:Playground FolderGuid:C73F09FC4215536B1DCE2A9E0A830C70
 |   |   |- Guid:FF3B721747DF0A752D8F97BD0C09C304 BaseClass: NativeClass:/Script/Engine.StaticMeshActor Name:StaticMeshActor_UAID_107C6107A01D971102_1450536024 Label:SM_Ramp5 SpatiallyLoaded:1 Bounds:IsValid=true, Min=(X=-1216.250 Y=2328.750 Z=-29.937), Max=(X=-816.250 Y=3453.750 Z=95.063) RuntimeGrid:None EditorOnly:0 RuntimeOnly:0 HLODRelevant:1 ListedInSceneOutliner:1 IsMainWorldOnly:0
 |   |- [+] Clusters:
 |   |   |- [+] [  0]
 |   |   |   |- Guid:060F5C17415C4227F3DAF7963A9D5E12 BaseClass:/Game/Characters/AI_Boss/Helpers/BP_SpecificTravelPoint.BP_SpecificTravelPoint_C NativeClass:/Script/Engine.Actor Name:BP_SpecificTravelPoint_C_UAID_107C6107A01D280D02_1820240265 Label:BP_SpecificTravelPoint2 SpatiallyLoaded:1 Bounds:IsValid=true, Min=(X=2549.482 Y=4003.521 Z=-5.466), Max=(X=2613.011 Y=4076.389 Z=117.630) RuntimeGrid:None EditorOnly:0 RuntimeOnly:0 HLODRelevant:0 ListedInSceneOutliner:1 IsMainWorldOnly:0 FolderPath:BossTravelPoints FolderGuid:EE1B13E14DB02B49C8FFCCBD8D01F9E6
 |   |   |- [+] [  1]
 |   |   |   |- Guid:0F7995D04152670BEAD13A8D784C1F5A BaseClass: NativeClass:/Script/Engine.StaticMeshActor Name:StaticMeshActor_UAID_107C6107A01D971102_1450538027 Label:SM_Ramp7 SpatiallyLoaded:1 Bounds:IsValid=true, Min=(X=-1736.250 Y=3543.750 Z=-29.937), Max=(X=-1536.250 Y=4368.750 Z=95.063) RuntimeGrid:None EditorOnly:0 RuntimeOnly:0 HLODRelevant:1 ListedInSceneOutliner:1 IsMainWorldOnly:0
 |   |   |- [+] [  2]
 |   |   |   |- Guid:1EE8D00E468ADA482331C7B2D6F951F6 BaseClass: NativeClass:/Script/NavigationSystem.RecastNavMesh Name:RecastNavMesh_UAID_107C6107A01DE10C02-Default Label:RecastNavMesh-Default SpatiallyLoaded:0 Bounds:IsValid=true, Min=(X=0.000 Y=0.000 Z=0.000), Max=(X=0.000 Y=0.000 Z=0.000) RuntimeGrid:None EditorOnly:0 RuntimeOnly:0 HLODRelevant:0 ListedInSceneOutliner:1 IsMainWorldOnly:0
 |   |   |- [+] [  3]
 |   |   |   |- Guid:24762E9F4D83F28C85E3E1B57E23C830 BaseClass: NativeClass:/Script/Engine.StaticMeshActor Name:StaticMeshActor_UAID_107C6107A01D971102_1485229033 Label:SM_Ramp10 SpatiallyLoaded:1 Bounds:IsValid=true, Min=(X=25.000 Y=527.500 Z=-29.937), Max=(X=850.000 Y=727.500 Z=95.063) RuntimeGrid:None EditorOnly:0 RuntimeOnly:0 HLODRelevant:1 ListedInSceneOutliner:1 IsMainWorldOnly:0
 |   |   |- [+] [  4]
 |   |   |   |- Guid:2B3670CA45AB8B556B21E19AA2D4C60A BaseClass: NativeClass:/Script/Engine.StaticMeshActor Name:StaticMeshActor_UAID_107C6107A01D3C1102_1421128008 Label:SM_Cube8 SpatiallyLoaded:1 Bounds:IsValid=true, Min=(X=-2260.000 Y=0.000 Z=0.000), Max=(X=5240.000 Y=100.000 Z=400.000) RuntimeGrid:None EditorOnly:0 RuntimeOnly:0 HLODRelevant:1 ListedInSceneOutliner:1 IsMainWorldOnly:0 FolderPath:Playground FolderGuid:C73F09FC4215536B1DCE2A9E0A830C70
 |   |   |- [+] [  5]
 |   |   |   |- Guid:2FB58999456391D349DC0F86DAC136ED BaseClass: NativeClass:/Script/Engine.SkyLight Name:SkyLight_1 Label:SkyLight SpatiallyLoaded:0 Bounds:IsValid=true, Min=(X=0.000 Y=0.000 Z=690.000), Max=(X=0.000 Y=0.000 Z=690.000) RuntimeGrid:None EditorOnly:0 RuntimeOnly:0 HLODRelevant:0 ListedInSceneOutliner:1 IsMainWorldOnly:0 FolderPath:Lighting FolderGuid:963EC3EB4002CCE9759E2EBA541A873A
 |   |   |- [+] [  6]
 |   |   |   |- Guid:30BB6F5448BEB04689878EA8CCD3C08C BaseClass: NativeClass:/Script/Engine.StaticMeshActor Name:StaticMeshActor_UAID_107C6107A01D971102_1509261038 Label:SM_Ramp12 SpatiallyLoaded:1 Bounds:IsValid=true, Min=(X=4616.250 Y=4363.750 Z=-29.937), Max=(X=4816.250 Y=5188.750 Z=95.063) RuntimeGrid:None EditorOnly:0 RuntimeOnly:0 HLODRelevant:1 ListedInSceneOutliner:1 IsMainWorldOnly:0
 |   |   |- [+] [  7]
 |   |   |   |- Guid:316CF2A6494ACA4C0E4180A87D36AB8F BaseClass: NativeClass:/Script/Engine.ExponentialHeightFog Name:ExponentialHeightFog_0 Label:ExponentialHeightFog SpatiallyLoaded:0 Bounds:IsValid=true, Min=(X=-5600.000 Y=-50.000 Z=-6850.000), Max=(X=-5600.000 Y=-50.000 Z=-6850.000) RuntimeGrid:None EditorOnly:0 RuntimeOnly:0 HLODRelevant:0 ListedInSceneOutliner:1 IsMainWorldOnly:0 FolderPath:Lighting FolderGuid:963EC3EB4002CCE9759E2EBA541A873A
 |   |   |- [+] [  8]
 |   |   |   |- Guid:39B30EAD4211D5568A42909AA2136E91 BaseClass:/Game/Characters/AI_Boss/Helpers/BP_TravelPlatform.BP_TravelPlatform_C NativeClass:/Script/Engine.Actor Name:BP_TravelPlatform_C_UAID_107C6107A01D981102_1678209224 Label:BP_TravelPlatform3 SpatiallyLoaded:1 Bounds:IsValid=true, Min=(X=-2227.500 Y=2156.250 Z=0.000), Max=(X=-1252.500 Y=3643.750 Z=100.000) RuntimeGrid:None EditorOnly:0 RuntimeOnly:0 HLODRelevant:0 ListedInSceneOutliner:1 IsMainWorldOnly:0
 |   |   |- [+] [  9]
 |   |   |   |- Guid:4220B1EB4866D8D162EAF0AA0746DC51 BaseClass: NativeClass:/Script/Engine.StaticMeshActor Name:StaticMeshActor_UAID_107C6107A01D971102_1450538026 Label:SM_Ramp6 SpatiallyLoaded:1 Bounds:IsValid=true, Min=(X=-1736.250 Y=1378.750 Z=-29.937), Max=(X=-1536.250 Y=2203.750 Z=95.063) RuntimeGrid:None EditorOnly:0 RuntimeOnly:0 HLODRelevant:1 ListedInSceneOutliner:1 IsMainWorldOnly:0
 |   |   |- [+] [ 10]
 |   |   |   |- Guid:43815E84492231AFC407F59E3C28176B BaseClass: NativeClass:/Script/Engine.StaticMeshActor Name:StaticMeshActor_4 Label:SM_Cube6 SpatiallyLoaded:1 Bounds:IsValid=true, Min=(X=5170.000 Y=0.000 Z=0.000), Max=(X=5270.000 Y=6700.000 Z=400.000) RuntimeGrid:None EditorOnly:0 RuntimeOnly:0 HLODRelevant:1 ListedInSceneOutliner:1 IsMainWorldOnly:0 FolderPath:Playground FolderGuid:C73F09FC4215536B1DCE2A9E0A830C70
 |   |   |- [+] [ 11]
 |   |   |   |- Guid:4D3BE93F4146AAAC8BBE79999D96D57F BaseClass: NativeClass:/Script/Engine.VolumetricCloud Name:VolumetricCloud_0 Label:VolumetricCloud SpatiallyLoaded:0 Bounds:IsValid=true, Min=(X=0.000 Y=0.000 Z=820.000), Max=(X=0.000 Y=0.000 Z=820.000) RuntimeGrid:None EditorOnly:0 RuntimeOnly:0 HLODRelevant:0 ListedInSceneOutliner:1 IsMainWorldOnly:0 FolderPath:Lighting FolderGuid:963EC3EB4002CCE9759E2EBA541A873A
 |   |   |- [+] [ 12]
 |   |   |   |- Guid:5136815D4879D419D7D45380E4D1B0A6 BaseClass:/Game/Characters/AI_Boss/Helpers/BP_TravelPlatform.BP_TravelPlatform_C NativeClass:/Script/Engine.Actor Name:BP_TravelPlatform_C_UAID_107C6107A01D971102_1870665042 Label:BP_TravelPlatform SpatiallyLoaded:1 Bounds:IsValid=true, Min=(X=766.250 Y=82.500 Z=0.000), Max=(X=2253.750 Y=1057.500 Z=100.000) RuntimeGrid:None EditorOnly:0 RuntimeOnly:0 HLODRelevant:0 ListedInSceneOutliner:1 IsMainWorldOnly:0
 |   |   |   |- Guid:93E5851D4CE6D0BF41D0E6B5EBFF7514 BaseClass:/Game/Interfaces/Interact/BP_InteractButton2.BP_InteractButton2_C NativeClass:/Script/Engine.Actor Name:BP_InteractButton2_C_UAID_107C6107A01D991102_1480314406 Label:BP_InteractButton2 SpatiallyLoaded:1 Bounds:IsValid=true, Min=(X=1280.000 Y=1460.000 Z=-32.000), Max=(X=1380.000 Y=1560.000 Z=32.000) RuntimeGrid:None EditorOnly:0 RuntimeOnly:0 HLODRelevant:0 ListedInSceneOutliner:1 IsMainWorldOnly:0
 |   |   |- [+] [ 13]
 |   |   |   |- Guid:57D9E8D04729536C433690B6F8F6C563 BaseClass:/Game/Characters/AI_Boss/Helpers/BP_SpecificTravelPoint.BP_SpecificTravelPoint_C NativeClass:/Script/Engine.Actor Name:BP_SpecificTravelPoint_C_UAID_107C6107A01D280D02_1812804264 Label:BP_SpecificTravelPoint SpatiallyLoaded:1 Bounds:IsValid=true, Min=(X=1259.482 Y=6483.521 Z=84.534), Max=(X=1323.011 Y=6556.389 Z=207.630) RuntimeGrid:None EditorOnly:0 RuntimeOnly:0 HLODRelevant:0 ListedInSceneOutliner:1 IsMainWorldOnly:0 FolderPath:BossTravelPoints FolderGuid:EE1B13E14DB02B49C8FFCCBD8D01F9E6
 |   |   |- [+] [ 14]
 |   |   |   |- Guid:5AEE714F4D31F0E87DE2C19DF9EEC902 BaseClass: NativeClass:/Script/Engine.StaticMeshActor Name:StaticMeshActor_UAID_107C6107A01D971102_1485228032 Label:SM_Ramp9 SpatiallyLoaded:1 Bounds:IsValid=true, Min=(X=2190.000 Y=527.500 Z=-29.937), Max=(X=3015.000 Y=727.500 Z=95.063) RuntimeGrid:None EditorOnly:0 RuntimeOnly:0 HLODRelevant:1 ListedInSceneOutliner:1 IsMainWorldOnly:0
 |   |   |- [+] [ 15]
 |   |   |   |- Guid:6BAF4DDD444C60371492D3919DB42C97 BaseClass: NativeClass:/Script/Engine.WorldDataLayers Name:WorldDataLayers Label:WorldDataLayers SpatiallyLoaded:0 Bounds:IsValid=true, Min=(X=0.000 Y=0.000 Z=0.000), Max=(X=0.000 Y=0.000 Z=0.000) RuntimeGrid:None EditorOnly:0 RuntimeOnly:0 HLODRelevant:0 ListedInSceneOutliner:1 IsMainWorldOnly:1
 |   |   |- [+] [ 16]
 |   |   |   |- Guid:7940CBF54392644D0F1BA9ACCFE77177 BaseClass:/Game/Characters/AI_Boss/Helpers/BP_TravelPlatform.BP_TravelPlatform_C NativeClass:/Script/Engine.Actor Name:BP_TravelPlatform_C_UAID_107C6107A01D981102_1697244225 Label:BP_TravelPlatform4 SpatiallyLoaded:1 Bounds:IsValid=true, Min=(X=566.250 Y=5712.500 Z=0.000), Max=(X=2053.750 Y=6687.500 Z=100.000) RuntimeGrid:None EditorOnly:0 RuntimeOnly:0 HLODRelevant:0 ListedInSceneOutliner:1 IsMainWorldOnly:0
 |   |   |   |- Guid:A041D6AC4874F4085210A8A0D1CEFA0C BaseClass:/Game/Interfaces/Interact/BP_InteractButton2.BP_InteractButton2_C NativeClass:/Script/Engine.Actor Name:BP_InteractButton2_C_UAID_107C6107A01D9C1102_1707714936 Label:BP_InteractButton3 SpatiallyLoaded:1 Bounds:IsValid=true, Min=(X=1280.000 Y=5220.000 Z=-32.000), Max=(X=1380.000 Y=5320.000 Z=32.000) RuntimeGrid:None EditorOnly:0 RuntimeOnly:0 HLODRelevant:0 ListedInSceneOutliner:1 IsMainWorldOnly:0
 |   |   |- [+] [ 17]
 |   |   |   |- Guid:7C172A0740B33B6D38EEF38A63E0B945 BaseClass: NativeClass:/Script/Engine.StaticMeshActor Name:StaticMeshActor_3 Label:SM_Ramp SpatiallyLoaded:1 Bounds:IsValid=true, Min=(X=-215.000 Y=6030.000 Z=-29.937), Max=(X=610.000 Y=6230.000 Z=95.063) RuntimeGrid:None EditorOnly:0 RuntimeOnly:0 HLODRelevant:1 ListedInSceneOutliner:1 IsMainWorldOnly:0
 |   |   |- [+] [ 18]
 |   |   |   |- Guid:7EF1E5B94724807B01CE3480069458FE BaseClass: NativeClass:/Script/Engine.StaticMeshActor Name:StaticMeshActor_UAID_107C6107A01D401102_1743223729 Label:SM_Ramp4 SpatiallyLoaded:1 Bounds:IsValid=true, Min=(X=735.000 Y=5310.000 Z=-29.937), Max=(X=1860.000 Y=5710.000 Z=95.063) RuntimeGrid:None EditorOnly:0 RuntimeOnly:0 HLODRelevant:1 ListedInSceneOutliner:1 IsMainWorldOnly:0
 |   |   |- [+] [ 19]
 |   |   |   |- Guid:82E5BDC04FB3C3DFBF82C6BEB73739B7 BaseClass: NativeClass:/Script/Engine.StaticMeshActor Name:StaticMeshActor_UAID_107C6107A01D971102_1509259036 Label:SM_Ramp11 SpatiallyLoaded:1 Bounds:IsValid=true, Min=(X=3896.250 Y=3113.750 Z=-29.937), Max=(X=4296.250 Y=4238.750 Z=95.063) RuntimeGrid:None EditorOnly:0 RuntimeOnly:0 HLODRelevant:1 ListedInSceneOutliner:1 IsMainWorldOnly:0
 |   |   |- [+] [ 20]
 |   |   |   |- Guid:A2680C8C4EAFE3D9200430819D5E1487 BaseClass: NativeClass:/Script/Engine.StaticMeshActor Name:StaticMeshActor_UAID_107C6107A01D3C1102_1407401007 Label:SM_Cube7 SpatiallyLoaded:1 Bounds:IsValid=true, Min=(X=-2360.000 Y=0.000 Z=0.000), Max=(X=-2260.000 Y=6700.000 Z=400.000) RuntimeGrid:None EditorOnly:0 RuntimeOnly:0 HLODRelevant:1 ListedInSceneOutliner:1 IsMainWorldOnly:0 FolderPath:Playground FolderGuid:C73F09FC4215536B1DCE2A9E0A830C70
 |   |   |- [+] [ 21]
 |   |   |   |- Guid:A6A5769C49C44E316FC53EB0E0B25532 BaseClass: NativeClass:/Script/NavigationSystem.NavMeshBoundsVolume Name:NavMeshBoundsVolume_UAID_107C6107A01DE10C02_1580998770 Label:NavMeshBoundsVolume SpatiallyLoaded:0 Bounds:IsValid=true, Min=(X=-2615.000 Y=-1655.000 Z=-474.937), Max=(X=5635.000 Y=7695.000 Z=675.063) RuntimeGrid:None EditorOnly:0 RuntimeOnly:0 HLODRelevant:0 ListedInSceneOutliner:1 IsMainWorldOnly:0
 |   |   |- [+] [ 22]
 |   |   |   |- Guid:B2BF4EF343A054CE8E44E38072AAC672 BaseClass:/Game/Characters/AI_Boss/Helpers/BP_TravelPlatform.BP_TravelPlatform_C NativeClass:/Script/Engine.Actor Name:BP_TravelPlatform_C_UAID_107C6107A01D971102_1908782043 Label:BP_TravelPlatform2 SpatiallyLoaded:1 Bounds:IsValid=true, Min=(X=4302.500 Y=2956.250 Z=0.000), Max=(X=5277.500 Y=4443.750 Z=100.000) RuntimeGrid:None EditorOnly:0 RuntimeOnly:0 HLODRelevant:0 ListedInSceneOutliner:1 IsMainWorldOnly:0
 |   |   |- [+] [ 23]
 |   |   |   |- Guid:B785ED2844B84CFB91E7F39FE661CD99 BaseClass: NativeClass:/Script/Engine.DirectionalLight Name:DirectionalLight_0 Label:DirectionalLight SpatiallyLoaded:0 Bounds:IsValid=true, Min=(X=-1048576.000 Y=-1048576.000 Z=-1048576.000), Max=(X=1048576.000 Y=1048576.000 Z=1048576.000) RuntimeGrid:None EditorOnly:0 RuntimeOnly:0 HLODRelevant:0 ListedInSceneOutliner:1 IsMainWorldOnly:0 FolderPath:Lighting FolderGuid:963EC3EB4002CCE9759E2EBA541A873A
 |   |   |- [+] [ 24]
 |   |   |   |- Guid:B8EE53D443767002863AD295BF7FA6B2 BaseClass: NativeClass:/Script/Engine.StaticMeshActor Name:StaticMeshActor_UAID_107C6107A01D971102_1485224030 Label:SM_Ramp8 SpatiallyLoaded:1 Bounds:IsValid=true, Min=(X=940.000 Y=1047.500 Z=-29.937), Max=(X=2065.000 Y=1447.500 Z=95.063) RuntimeGrid:None EditorOnly:0 RuntimeOnly:0 HLODRelevant:1 ListedInSceneOutliner:1 IsMainWorldOnly:0
 |   |   |- [+] [ 25]
 |   |   |   |- Guid:C688F2CD4B61FA5F9F524F856021CF29 BaseClass: NativeClass:/Script/Engine.StaticMeshActor Name:StaticMeshActor_UAID_107C6107A01D971102_1509262039 Label:SM_Ramp13 SpatiallyLoaded:1 Bounds:IsValid=true, Min=(X=4616.250 Y=2198.750 Z=-29.937), Max=(X=4816.250 Y=3023.750 Z=95.063) RuntimeGrid:None EditorOnly:0 RuntimeOnly:0 HLODRelevant:1 ListedInSceneOutliner:1 IsMainWorldOnly:0
 |   |   |- [+] [ 26]
 |   |   |   |- Guid:C9E8D51045C548164ACEF5B6AF621A73 BaseClass: NativeClass:/Script/Engine.StaticMeshActor Name:StaticMeshActor_UAID_107C6107A01D401102_1662059728 Label:SM_Ramp3 SpatiallyLoaded:1 Bounds:IsValid=true, Min=(X=1950.000 Y=6030.000 Z=-29.937), Max=(X=2775.000 Y=6230.000 Z=95.063) RuntimeGrid:None EditorOnly:0 RuntimeOnly:0 HLODRelevant:1 ListedInSceneOutliner:1 IsMainWorldOnly:0
 |   |   |- [+] [ 27]
 |   |   |   |- Guid:CA015DAF44F588F79C9A1DA81296BDAB BaseClass: NativeClass:/Script/Engine.PlayerStart Name:PlayerStart_UAID_107C6107A01DD00C02_1653096778 Label:PlayerStart4 SpatiallyLoaded:0 Bounds:IsValid=true, Min=(X=2438.731 Y=498.731 Z=85.786), Max=(X=2541.269 Y=601.269 Z=269.786) RuntimeGrid:None EditorOnly:0 RuntimeOnly:0 HLODRelevant:0 ListedInSceneOutliner:1 IsMainWorldOnly:0 FolderPath:PlayerStart FolderGuid:A4722DE4471C6D2ED0E7BCADC301898F
 |   |   |- [+] [ 28]
 |   |   |   |- Guid:CCFF262C46EEFFDF319E7F9539CE697E BaseClass: NativeClass:/Script/Engine.SkyAtmosphere Name:SkyAtmosphere_0 Label:SkyAtmosphere SpatiallyLoaded:0 Bounds:IsValid=true, Min=(X=0.000 Y=0.000 Z=1020.000), Max=(X=0.000 Y=0.000 Z=1020.000) RuntimeGrid:None EditorOnly:0 RuntimeOnly:0 HLODRelevant:0 ListedInSceneOutliner:1 IsMainWorldOnly:0 FolderPath:Lighting FolderGuid:963EC3EB4002CCE9759E2EBA541A873A
 |   |   |- [+] [ 29]
 |   |   |   |- Guid:EC4E0C944CE6AC6E784BC6BB2916EA13 BaseClass: NativeClass:/Script/Engine.StaticMeshActor Name:StaticMeshActor_UAID_A4AE111137DC5EFB00_1110535423 Label:SM_SkySphere SpatiallyLoaded:0 Bounds:IsValid=true, Min=(X=-1638400.000 Y=-1638400.000 Z=-1638400.000), Max=(X=1638400.000 Y=1638400.000 Z=1638400.000) RuntimeGrid:None EditorOnly:0 RuntimeOnly:0 HLODRelevant:1 ListedInSceneOutliner:1 IsMainWorldOnly:0 FolderPath:Lighting FolderGuid:963EC3EB4002CCE9759E2EBA541A873A
 |   |   |- [+] [ 30]
 |   |   |   |- Guid:F1924B8D48954B30891B2DB6A694F9CC BaseClass: NativeClass:/Script/Engine.StaticMeshActor Name:StaticMeshActor_1 Label:SM_Cube SpatiallyLoaded:1 Bounds:IsValid=true, Min=(X=-2270.000 Y=0.000 Z=-50.000), Max=(X=5180.000 Y=6700.000 Z=0.000) RuntimeGrid:None EditorOnly:0 RuntimeOnly:0 HLODRelevant:1 ListedInSceneOutliner:1 IsMainWorldOnly:0 FolderPath:Playground FolderGuid:C73F09FC4215536B1DCE2A9E0A830C70
 |   |   |- [+] [ 31]
 |   |   |   |- Guid:F5E3FEB3450C49844FD93DA8E083C8AD BaseClass: NativeClass:/Script/Engine.PostProcessVolume Name:PostProcessVolume_0 Label:PostProcessVolume SpatiallyLoaded:0 Bounds:IsValid=true, Min=(X=0.000 Y=0.000 Z=400.000), Max=(X=200.000 Y=200.000 Z=600.000) RuntimeGrid:None EditorOnly:0 RuntimeOnly:0 HLODRelevant:0 ListedInSceneOutliner:1 IsMainWorldOnly:0 FolderPath:Lighting FolderGuid:963EC3EB4002CCE9759E2EBA541A873A
 |   |   |- [+] [ 32]
 |   |   |   |- Guid:FCB972FB49A13A48AF990CA3EE9BF8E1 BaseClass: NativeClass:/Script/Engine.StaticMeshActor Name:StaticMeshActor_UAID_107C6107A01D3C1102_1439875009 Label:SM_Cube10 SpatiallyLoaded:1 Bounds:IsValid=true, Min=(X=-2260.000 Y=6650.000 Z=0.000), Max=(X=5240.000 Y=6750.000 Z=400.000) RuntimeGrid:None EditorOnly:0 RuntimeOnly:0 HLODRelevant:1 ListedInSceneOutliner:1 IsMainWorldOnly:0 FolderPath:Playground FolderGuid:C73F09FC4215536B1DCE2A9E0A830C70
 |   |   |- [+] [ 33]
 |   |   |   |- Guid:FF3B721747DF0A752D8F97BD0C09C304 BaseClass: NativeClass:/Script/Engine.StaticMeshActor Name:StaticMeshActor_UAID_107C6107A01D971102_1450536024 Label:SM_Ramp5 SpatiallyLoaded:1 Bounds:IsValid=true, Min=(X=-1216.250 Y=2328.750 Z=-29.937), Max=(X=-816.250 Y=3453.750 Z=95.063) RuntimeGrid:None EditorOnly:0 RuntimeOnly:0 HLODRelevant:1 ListedInSceneOutliner:1 IsMainWorldOnly:0
 |- ContainerInstances:
 |- [+] MainContainer:
 |   |-        ID: 00000000000000000000000000000000
 |   |-  ParentID: 00000000000000000000000000000000
 |   |-    Bounds: IsValid=false, Min=(X=0.000 Y=0.000 Z=0.000), Max=(X=0.000 Y=0.000 Z=0.000)
 |   |- Transform: 0.000000,0.000000,0.000000|0.000000,0.000000,-0.000000|1.000000,1.000000,1.000000
 |   |- Container: /Game/ThirdPerson/Maps/ThirdPersonMap
----------------------------------------------------------------------------------------------------------------
ThirdPersonMap - Persistent Level
----------------------------------------------------------------------------------------------------------------
[+] Content of ThirdPersonMap Persistent Level
 |- Always loaded Actor Count: 36 
 |- Actor Path: /Game/ThirdPerson/Maps/ThirdPersonMap.ThirdPersonMap:PersistentLevel.BP_InteractButton2_C_UAID_107C6107A01D991102_1480314406
 |- Actor Package: /Game/__ExternalActors__/ThirdPerson/Maps/ThirdPersonMap/F/1U/RMS8B74UAX4EHDDNSQHRAZ
 |- Actor Path: /Game/ThirdPerson/Maps/ThirdPersonMap.ThirdPersonMap:PersistentLevel.BP_InteractButton2_C_UAID_107C6107A01D9C1102_1707714936
 |- Actor Package: /Game/__ExternalActors__/ThirdPerson/Maps/ThirdPersonMap/D/QE/FIE8HFSJ2R0YKK1ZAMQKX9
 |- Actor Path: /Game/ThirdPerson/Maps/ThirdPersonMap.ThirdPersonMap:PersistentLevel.BP_SpecificTravelPoint_C_UAID_107C6107A01D280D02_1812804264
 |- Actor Package: /Game/__ExternalActors__/ThirdPerson/Maps/ThirdPersonMap/E/5N/Z4IU6NGSEZCTYSWM0MLDB6
 |- Actor Path: /Game/ThirdPerson/Maps/ThirdPersonMap.ThirdPersonMap:PersistentLevel.BP_SpecificTravelPoint_C_UAID_107C6107A01D280D02_1820240265
 |- Actor Package: /Game/__ExternalActors__/ThirdPerson/Maps/ThirdPersonMap/8/MC/BBGA0VWS6NR9WZ7X5PR7W6
 |- Actor Path: /Game/ThirdPerson/Maps/ThirdPersonMap.ThirdPersonMap:PersistentLevel.BP_TravelPlatform_C_UAID_107C6107A01D971102_1870665042
 |- Actor Package: /Game/__ExternalActors__/ThirdPerson/Maps/ThirdPersonMap/5/ND/NZZC2XGO6PTLV39QMCHUHW
 |- Actor Path: /Game/ThirdPerson/Maps/ThirdPersonMap.ThirdPersonMap:PersistentLevel.BP_TravelPlatform_C_UAID_107C6107A01D971102_1908782043
 |- Actor Package: /Game/__ExternalActors__/ThirdPerson/Maps/ThirdPersonMap/8/X1/AO7139D7GGZO2NMI1JQZ8E
 |- Actor Path: /Game/ThirdPerson/Maps/ThirdPersonMap.ThirdPersonMap:PersistentLevel.BP_TravelPlatform_C_UAID_107C6107A01D981102_1678209224
 |- Actor Package: /Game/__ExternalActors__/ThirdPerson/Maps/ThirdPersonMap/E/M6/NCSZDH4041QKTV92W5WWMI
 |- Actor Path: /Game/ThirdPerson/Maps/ThirdPersonMap.ThirdPersonMap:PersistentLevel.BP_TravelPlatform_C_UAID_107C6107A01D981102_1697244225
 |- Actor Package: /Game/__ExternalActors__/ThirdPerson/Maps/ThirdPersonMap/0/BJ/LSLB06RSXTQICHPCH8T9B9
 |- Actor Path: /Game/ThirdPerson/Maps/ThirdPersonMap.ThirdPersonMap:PersistentLevel.DirectionalLight_0
 |- Actor Package: /Game/__ExternalActors__/ThirdPerson/Maps/ThirdPersonMap/5/R1/TS5OQ5CRUWFZYL1ZQ7I416
 |- Actor Path: /Game/ThirdPerson/Maps/ThirdPersonMap.ThirdPersonMap:PersistentLevel.ExponentialHeightFog_0
 |- Actor Package: /Game/__ExternalActors__/ThirdPerson/Maps/ThirdPersonMap/6/J7/N10XDC9G27EMLS5AGZ6AVV
 |- Actor Path: /Game/ThirdPerson/Maps/ThirdPersonMap.ThirdPersonMap:PersistentLevel.NavMeshBoundsVolume_UAID_107C6107A01DE10C02_1580998770
 |- Actor Package: /Game/__ExternalActors__/ThirdPerson/Maps/ThirdPersonMap/D/O8/XE7N731H8JV8ERAEKN0LZO
 |- Actor Path: /Game/ThirdPerson/Maps/ThirdPersonMap.ThirdPersonMap:PersistentLevel.PlayerStart_UAID_107C6107A01DD00C02_1653096778
 |- Actor Package: /Game/__ExternalActors__/ThirdPerson/Maps/ThirdPersonMap/3/R9/IQZYKAL48HUI0F280TXVQF
 |- Actor Path: /Game/ThirdPerson/Maps/ThirdPersonMap.ThirdPersonMap:PersistentLevel.PostProcessVolume_0
 |- Actor Package: /Game/__ExternalActors__/ThirdPerson/Maps/ThirdPersonMap/1/AZ/A7GPT109Y6ZTTJD4A7TXER
 |- Actor Path: /Game/ThirdPerson/Maps/ThirdPersonMap.ThirdPersonMap:PersistentLevel.RecastNavMesh_UAID_107C6107A01DE10C02-Default
 |- Actor Package: /Game/__ExternalActors__/ThirdPerson/Maps/ThirdPersonMap/7/E8/JGTMO42P9AQIJ2E1UR298H
 |- Actor Path: /Game/ThirdPerson/Maps/ThirdPersonMap.ThirdPersonMap:PersistentLevel.SkyAtmosphere_0
 |- Actor Package: /Game/__ExternalActors__/ThirdPerson/Maps/ThirdPersonMap/4/LN/30UBDLYFFA5ZR7U4W4L4GG
 |- Actor Path: /Game/ThirdPerson/Maps/ThirdPersonMap.ThirdPersonMap:PersistentLevel.SkyLight_1
 |- Actor Package: /Game/__ExternalActors__/ThirdPerson/Maps/ThirdPersonMap/8/S1/DXUWD12MD3HRWVVXX076BY
 |- Actor Path: /Game/ThirdPerson/Maps/ThirdPersonMap.ThirdPersonMap:PersistentLevel.StaticMeshActor_1
 |- Actor Package: /Game/__ExternalActors__/ThirdPerson/Maps/ThirdPersonMap/6/YO/NG2R9BPZVA7ZDN0Z4VSTG6
 |- Actor Path: /Game/ThirdPerson/Maps/ThirdPersonMap.ThirdPersonMap:PersistentLevel.StaticMeshActor_3
 |- Actor Package: /Game/__ExternalActors__/ThirdPerson/Maps/ThirdPersonMap/6/IR/OTJMGDDXDV5TI7982YKZ5P
 |- Actor Path: /Game/ThirdPerson/Maps/ThirdPersonMap.ThirdPersonMap:PersistentLevel.StaticMeshActor_4
 |- Actor Package: /Game/__ExternalActors__/ThirdPerson/Maps/ThirdPersonMap/5/9Q/U98KGKQ41NJYFOGFQM8ZDY
 |- Actor Path: /Game/ThirdPerson/Maps/ThirdPersonMap.ThirdPersonMap:PersistentLevel.StaticMeshActor_UAID_107C6107A01D3C1102_1407401007
 |- Actor Package: /Game/__ExternalActors__/ThirdPerson/Maps/ThirdPersonMap/E/EI/1RBO6WFR9XP6B0PJ67PIF2
 |- Actor Path: /Game/ThirdPerson/Maps/ThirdPersonMap.ThirdPersonMap:PersistentLevel.StaticMeshActor_UAID_107C6107A01D3C1102_1421128008
 |- Actor Package: /Game/__ExternalActors__/ThirdPerson/Maps/ThirdPersonMap/5/OP/UTNAKPOOQ0822S4J06ZMWX
 |- Actor Path: /Game/ThirdPerson/Maps/ThirdPersonMap.ThirdPersonMap:PersistentLevel.StaticMeshActor_UAID_107C6107A01D3C1102_1439875009
 |- Actor Package: /Game/__ExternalActors__/ThirdPerson/Maps/ThirdPersonMap/7/5H/ZAMO6G7C2UEUKIFA7C2HP2
 |- Actor Path: /Game/ThirdPerson/Maps/ThirdPersonMap.ThirdPersonMap:PersistentLevel.StaticMeshActor_UAID_107C6107A01D401102_1662059728
 |- Actor Package: /Game/__ExternalActors__/ThirdPerson/Maps/ThirdPersonMap/7/CU/IWPT2B819XHC9TG8DKVVAE
 |- Actor Path: /Game/ThirdPerson/Maps/ThirdPersonMap.ThirdPersonMap:PersistentLevel.StaticMeshActor_UAID_107C6107A01D401102_1743223729
 |- Actor Package: /Game/__ExternalActors__/ThirdPerson/Maps/ThirdPersonMap/5/6A/S8R13OXETETZPPEDS2EZZJ
 |- Actor Path: /Game/ThirdPerson/Maps/ThirdPersonMap.ThirdPersonMap:PersistentLevel.StaticMeshActor_UAID_107C6107A01D971102_1450536024
 |- Actor Package: /Game/__ExternalActors__/ThirdPerson/Maps/ThirdPersonMap/C/N3/0100B10M1NWWJ17MMVEIJ2
 |- Actor Path: /Game/ThirdPerson/Maps/ThirdPersonMap.ThirdPersonMap:PersistentLevel.StaticMeshActor_UAID_107C6107A01D971102_1450538026
 |- Actor Package: /Game/__ExternalActors__/ThirdPerson/Maps/ThirdPersonMap/9/6E/OIL18H0LN5D25GQISPASNB
 |- Actor Path: /Game/ThirdPerson/Maps/ThirdPersonMap.ThirdPersonMap:PersistentLevel.StaticMeshActor_UAID_107C6107A01D971102_1450538027
 |- Actor Package: /Game/__ExternalActors__/ThirdPerson/Maps/ThirdPersonMap/C/11/6P599CSS63ZLUZL2USLUF2
 |- Actor Path: /Game/ThirdPerson/Maps/ThirdPersonMap.ThirdPersonMap:PersistentLevel.StaticMeshActor_UAID_107C6107A01D971102_1485224030
 |- Actor Package: /Game/__ExternalActors__/ThirdPerson/Maps/ThirdPersonMap/2/IP/PIWD4108NB6CLWMT3ZROGN
 |- Actor Path: /Game/ThirdPerson/Maps/ThirdPersonMap.ThirdPersonMap:PersistentLevel.StaticMeshActor_UAID_107C6107A01D971102_1485228032
 |- Actor Package: /Game/__ExternalActors__/ThirdPerson/Maps/ThirdPersonMap/2/9G/F9B608Z8FWIHK6V8KZX8E6
 |- Actor Path: /Game/ThirdPerson/Maps/ThirdPersonMap.ThirdPersonMap:PersistentLevel.StaticMeshActor_UAID_107C6107A01D971102_1485229033
 |- Actor Package: /Game/__ExternalActors__/ThirdPerson/Maps/ThirdPersonMap/B/MH/6N47EKFH8G8IFIKFZDAEKY
 |- Actor Path: /Game/ThirdPerson/Maps/ThirdPersonMap.ThirdPersonMap:PersistentLevel.StaticMeshActor_UAID_107C6107A01D971102_1509259036
 |- Actor Package: /Game/__ExternalActors__/ThirdPerson/Maps/ThirdPersonMap/3/HG/2AGM86U5CCPMMGLRRMPYNR
 |- Actor Path: /Game/ThirdPerson/Maps/ThirdPersonMap.ThirdPersonMap:PersistentLevel.StaticMeshActor_UAID_107C6107A01D971102_1509261038
 |- Actor Package: /Game/__ExternalActors__/ThirdPerson/Maps/ThirdPersonMap/8/WZ/ATKR6RU7MVBHJT8YWK1OVB
 |- Actor Path: /Game/ThirdPerson/Maps/ThirdPersonMap.ThirdPersonMap:PersistentLevel.StaticMeshActor_UAID_107C6107A01D971102_1509262039
 |- Actor Package: /Game/__ExternalActors__/ThirdPerson/Maps/ThirdPersonMap/3/RT/NNW5QHJHRTNE56PLFZ5T73
 |- Actor Path: /Game/ThirdPerson/Maps/ThirdPersonMap.ThirdPersonMap:PersistentLevel.StaticMeshActor_UAID_A4AE111137DC5EFB00_1110535423
 |- Actor Package: /Game/__ExternalActors__/ThirdPerson/Maps/ThirdPersonMap/4/PN/2QISIGK5DJNQ05US8O8FXW
 |- Actor Path: /Game/ThirdPerson/Maps/ThirdPersonMap.ThirdPersonMap:PersistentLevel.VolumetricCloud_0
 |- Actor Package: /Game/__ExternalActors__/ThirdPerson/Maps/ThirdPersonMap/3/EY/87SHEJN5UBEAN2K5OV1G6R
 |- Actor Path: /Game/ThirdPerson/Maps/ThirdPersonMap.ThirdPersonMap:PersistentLevel.WorldDataLayers
 |- Actor Package: /Game/__ExternalActors__/ThirdPerson/Maps/ThirdPersonMap/0/43/HYQWORMY4JDQ5X3OKZXFLC

----------------------------------------------------------------------------------------------------------------
ThirdPersonMap - Runtime Hash Set
----------------------------------------------------------------------------------------------------------------

