[+] Containers:
 |- [+] Container: /Game/ThirdPerson/Maps/ThirdPersonMap
 |   |- [+] ActorDescs:
 |   |   |- Guid:060F5C17415C4227F3DAF7963A9D5E12 BaseClass:/Game/Characters/AI_Boss/Helpers/BP_SpecificTravelPoint.BP_SpecificTravelPoint_C NativeClass:/Script/Engine.Actor Name:BP_SpecificTravelPoint_C_UAID_107C6107A01D280D02_1820240265 Label:BP_SpecificTravelPoint2 SpatiallyLoaded:1 Bounds:IsValid=true, Min=(X=5079.482 Y=3753.521 Z=94.534), Max=(X=5143.011 Y=3826.389 Z=217.630) RuntimeGrid:None EditorOnly:0 RuntimeOnly:0 HLODRelevant:0 ListedInSceneOutliner:1 IsMainWorldOnly:0 FolderPath:BossTravelPoints FolderGuid:EE1B13E14DB02B49C8FFCCBD8D01F9E6
 |   |   |- Guid:0B0A73934DE2712F2F4263B3886A7EBF BaseClass:/Game/Characters/AI_Boss/Helpers/BP_TravelPlatform.BP_TravelPlatform_C NativeClass:/Script/Engine.Actor Name:BP_TravelPlatform_C_UAID_107C6107A01DAB1102_1367518592 Label:BP_TravelPlatform6 SpatiallyLoaded:1 Bounds:IsValid=true, Min=(X=1473.750 Y=2927.500 Z=-50.000), Max=(X=1686.250 Y=3252.500 Z=50.000) RuntimeGrid:None EditorOnly:0 RuntimeOnly:0 HLODRelevant:0 ListedInSceneOutliner:1 IsMainWorldOnly:0
 |   |   |- Guid:1C5C7BDA494D1ECECD0385B3D4C2CFB5 BaseClass: NativeClass:/Script/Engine.StaticMeshActor Name:StaticMeshActor_UAID_107C6107A01DA91102_2129062233 Label:SM_Ramp16 SpatiallyLoaded:1 Bounds:IsValid=true, Min=(X=4293.750 Y=2188.750 Z=-29.937), Max=(X=4843.750 Y=3013.750 Z=95.063) RuntimeGrid:None EditorOnly:0 RuntimeOnly:0 HLODRelevant:1 ListedInSceneOutliner:1 IsMainWorldOnly:0
 |   |   |- Guid:1EE8D00E468ADA482331C7B2D6F951F6 BaseClass: NativeClass:/Script/NavigationSystem.RecastNavMesh Name:RecastNavMesh_UAID_107C6107A01DE10C02-Default Label:RecastNavMesh-Default SpatiallyLoaded:0 Bounds:IsValid=true, Min=(X=0.000 Y=0.000 Z=0.000), Max=(X=0.000 Y=0.000 Z=0.000) RuntimeGrid:None EditorOnly:0 RuntimeOnly:0 HLODRelevant:0 ListedInSceneOutliner:1 IsMainWorldOnly:0
 |   |   |- Guid:28A5D42942C55590B947CDB92ABB802F BaseClass:/Game/Interfaces/Interact/BP_InteractBtn.BP_InteractBtn_C NativeClass:/Script/Engine.Actor Name:BP_InteractBtn_C_UAID_107C6107A01D9D1102_1978842113 Label:BP_InteractBtn SpatiallyLoaded:1 Bounds:IsValid=true, Min=(X=4920.000 Y=4630.000 Z=-11.937), Max=(X=5020.000 Y=4730.000 Z=52.063) RuntimeGrid:None EditorOnly:0 RuntimeOnly:0 HLODRelevant:0 ListedInSceneOutliner:1 IsMainWorldOnly:0 FolderPath:Buttons FolderGuid:48E4A6CA4603C6A9C328AD95CF198E9C
 |   |   |- Guid:2B3670CA45AB8B556B21E19AA2D4C60A BaseClass: NativeClass:/Script/Engine.StaticMeshActor Name:StaticMeshActor_UAID_107C6107A01D3C1102_1421128008 Label:SM_Cube8 SpatiallyLoaded:1 Bounds:IsValid=true, Min=(X=-2260.000 Y=0.000 Z=0.000), Max=(X=5240.000 Y=100.000 Z=400.000) RuntimeGrid:None EditorOnly:0 RuntimeOnly:0 HLODRelevant:1 ListedInSceneOutliner:1 IsMainWorldOnly:0 FolderPath:Playground FolderGuid:C73F09FC4215536B1DCE2A9E0A830C70
 |   |   |- Guid:2E40EE6545EF50FF33CC4FA2BE40276B BaseClass:/Game/Characters/AI_Minion/BP_AIMinion.BP_AIMinion_C NativeClass:/Script/Engine.Character Name:BP_AIMinion_C_UAID_107C6107A01DAB1102_1333649591 Label:BP_AIMinion SpatiallyLoaded:1 Bounds:IsValid=true, Min=(X=1107.917 Y=2907.917 Z=-148.583), Max=(X=1512.083 Y=3312.083 Z=255.583) RuntimeGrid:None EditorOnly:0 RuntimeOnly:0 HLODRelevant:0 ListedInSceneOutliner:1 IsMainWorldOnly:0
 |   |   |- Guid:2FB58999456391D349DC0F86DAC136ED BaseClass: NativeClass:/Script/Engine.SkyLight Name:SkyLight_1 Label:SkyLight SpatiallyLoaded:0 Bounds:IsValid=true, Min=(X=0.000 Y=0.000 Z=690.000), Max=(X=0.000 Y=0.000 Z=690.000) RuntimeGrid:None EditorOnly:0 RuntimeOnly:0 HLODRelevant:0 ListedInSceneOutliner:1 IsMainWorldOnly:0 FolderPath:Lighting FolderGuid:963EC3EB4002CCE9759E2EBA541A873A
 |   |   |- Guid:316CF2A6494ACA4C0E4180A87D36AB8F BaseClass: NativeClass:/Script/Engine.ExponentialHeightFog Name:ExponentialHeightFog_0 Label:ExponentialHeightFog SpatiallyLoaded:0 Bounds:IsValid=true, Min=(X=-5600.000 Y=-50.000 Z=-6850.000), Max=(X=-5600.000 Y=-50.000 Z=-6850.000) RuntimeGrid:None EditorOnly:0 RuntimeOnly:0 HLODRelevant:0 ListedInSceneOutliner:1 IsMainWorldOnly:0 FolderPath:Lighting FolderGuid:963EC3EB4002CCE9759E2EBA541A873A
 |   |   |- Guid:39B30EAD4211D5568A42909AA2136E91 BaseClass:/Game/Characters/AI_Boss/Helpers/BP_TravelPlatform.BP_TravelPlatform_C NativeClass:/Script/Engine.Actor Name:BP_TravelPlatform_C_UAID_107C6107A01D981102_1678209224 Label:BP_TravelPlatform3 SpatiallyLoaded:1 Bounds:IsValid=true, Min=(X=-2227.500 Y=2156.250 Z=0.000), Max=(X=-1252.500 Y=3643.750 Z=100.000) RuntimeGrid:None EditorOnly:0 RuntimeOnly:0 HLODRelevant:0 ListedInSceneOutliner:1 IsMainWorldOnly:0
 |   |   |- Guid:3BE409424DAC6853FF13ABB954FFB5AF BaseClass: NativeClass:/Script/Engine.StaticMeshActor Name:StaticMeshActor_UAID_107C6107A01DAA1102_1173176412 Label:SM_Ramp18 SpatiallyLoaded:1 Bounds:IsValid=true, Min=(X=2043.750 Y=5743.750 Z=-29.937), Max=(X=2868.750 Y=6293.750 Z=95.063) RuntimeGrid:None EditorOnly:0 RuntimeOnly:0 HLODRelevant:1 ListedInSceneOutliner:1 IsMainWorldOnly:0
 |   |   |- Guid:4220B1EB4866D8D162EAF0AA0746DC51 BaseClass: NativeClass:/Script/Engine.StaticMeshActor Name:StaticMeshActor_UAID_107C6107A01D971102_1450538026 Label:SM_Ramp6 SpatiallyLoaded:1 Bounds:IsValid=true, Min=(X=-1806.250 Y=1338.750 Z=-29.937), Max=(X=-1256.250 Y=2163.750 Z=95.063) RuntimeGrid:None EditorOnly:0 RuntimeOnly:0 HLODRelevant:1 ListedInSceneOutliner:1 IsMainWorldOnly:0
 |   |   |- Guid:43815E84492231AFC407F59E3C28176B BaseClass: NativeClass:/Script/Engine.StaticMeshActor Name:StaticMeshActor_4 Label:SM_Cube6 SpatiallyLoaded:1 Bounds:IsValid=true, Min=(X=5170.000 Y=0.000 Z=0.000), Max=(X=5270.000 Y=6700.000 Z=400.000) RuntimeGrid:None EditorOnly:0 RuntimeOnly:0 HLODRelevant:1 ListedInSceneOutliner:1 IsMainWorldOnly:0 FolderPath:Playground FolderGuid:C73F09FC4215536B1DCE2A9E0A830C70
 |   |   |- Guid:4D3BE93F4146AAAC8BBE79999D96D57F BaseClass: NativeClass:/Script/Engine.VolumetricCloud Name:VolumetricCloud_0 Label:VolumetricCloud SpatiallyLoaded:0 Bounds:IsValid=true, Min=(X=0.000 Y=0.000 Z=820.000), Max=(X=0.000 Y=0.000 Z=820.000) RuntimeGrid:None EditorOnly:0 RuntimeOnly:0 HLODRelevant:0 ListedInSceneOutliner:1 IsMainWorldOnly:0 FolderPath:Lighting FolderGuid:963EC3EB4002CCE9759E2EBA541A873A
 |   |   |- Guid:5136815D4879D419D7D45380E4D1B0A6 BaseClass:/Game/Characters/AI_Boss/Helpers/BP_TravelPlatform.BP_TravelPlatform_C NativeClass:/Script/Engine.Actor Name:BP_TravelPlatform_C_UAID_107C6107A01D971102_1870665042 Label:BP_TravelPlatform SpatiallyLoaded:1 Bounds:IsValid=true, Min=(X=766.250 Y=82.500 Z=0.000), Max=(X=2253.750 Y=1057.500 Z=100.000) RuntimeGrid:None EditorOnly:0 RuntimeOnly:0 HLODRelevant:0 ListedInSceneOutliner:1 IsMainWorldOnly:0
 |   |   |- Guid:57D9E8D04729536C433690B6F8F6C563 BaseClass:/Game/Characters/AI_Boss/Helpers/BP_SpecificTravelPoint.BP_SpecificTravelPoint_C NativeClass:/Script/Engine.Actor Name:BP_SpecificTravelPoint_C_UAID_107C6107A01D280D02_1812804264 Label:BP_SpecificTravelPoint SpatiallyLoaded:1 Bounds:IsValid=true, Min=(X=1259.482 Y=6503.521 Z=84.534), Max=(X=1323.011 Y=6576.389 Z=207.630) RuntimeGrid:None EditorOnly:0 RuntimeOnly:0 HLODRelevant:0 ListedInSceneOutliner:1 IsMainWorldOnly:0 FolderPath:BossTravelPoints FolderGuid:EE1B13E14DB02B49C8FFCCBD8D01F9E6
 |   |   |- Guid:6BAF4DDD444C60371492D3919DB42C97 BaseClass: NativeClass:/Script/Engine.WorldDataLayers Name:WorldDataLayers Label:WorldDataLayers SpatiallyLoaded:0 Bounds:IsValid=true, Min=(X=0.000 Y=0.000 Z=0.000), Max=(X=0.000 Y=0.000 Z=0.000) RuntimeGrid:None EditorOnly:0 RuntimeOnly:0 HLODRelevant:0 ListedInSceneOutliner:1 IsMainWorldOnly:1
 |   |   |- Guid:76DECB1648565FA016C29D9D826100B7 BaseClass: NativeClass:/Script/Engine.StaticMeshActor Name:StaticMeshActor_UAID_107C6107A01DAA1102_1173178413 Label:SM_Ramp19 SpatiallyLoaded:1 Bounds:IsValid=true, Min=(X=-261.250 Y=5743.750 Z=-29.937), Max=(X=563.750 Y=6293.750 Z=95.063) RuntimeGrid:None EditorOnly:0 RuntimeOnly:0 HLODRelevant:1 ListedInSceneOutliner:1 IsMainWorldOnly:0
 |   |   |- Guid:7940CBF54392644D0F1BA9ACCFE77177 BaseClass:/Game/Characters/AI_Boss/Helpers/BP_TravelPlatform.BP_TravelPlatform_C NativeClass:/Script/Engine.Actor Name:BP_TravelPlatform_C_UAID_107C6107A01D981102_1697244225 Label:BP_TravelPlatform4 SpatiallyLoaded:1 Bounds:IsValid=true, Min=(X=566.250 Y=5712.500 Z=0.000), Max=(X=2053.750 Y=6687.500 Z=100.000) RuntimeGrid:None EditorOnly:0 RuntimeOnly:0 HLODRelevant:0 ListedInSceneOutliner:1 IsMainWorldOnly:0
 |   |   |- Guid:7EF1E5B94724807B01CE3480069458FE BaseClass: NativeClass:/Script/Engine.StaticMeshActor Name:StaticMeshActor_UAID_107C6107A01D401102_1743223729 Label:SM_Ramp4 SpatiallyLoaded:1 Bounds:IsValid=true, Min=(X=735.000 Y=5320.000 Z=-39.937), Max=(X=1860.000 Y=5720.000 Z=85.063) RuntimeGrid:None EditorOnly:0 RuntimeOnly:0 HLODRelevant:1 ListedInSceneOutliner:1 IsMainWorldOnly:0
 |   |   |- Guid:82E5BDC04FB3C3DFBF82C6BEB73739B7 BaseClass: NativeClass:/Script/Engine.StaticMeshActor Name:StaticMeshActor_UAID_107C6107A01D971102_1509259036 Label:SM_Ramp11 SpatiallyLoaded:1 Bounds:IsValid=true, Min=(X=3906.250 Y=3113.750 Z=-29.937), Max=(X=4306.250 Y=4238.750 Z=95.063) RuntimeGrid:None EditorOnly:0 RuntimeOnly:0 HLODRelevant:1 ListedInSceneOutliner:1 IsMainWorldOnly:0
 |   |   |- Guid:83D83523442D9AE49670E493D3DE9769 BaseClass: NativeClass:/Script/Engine.StaticMeshActor Name:StaticMeshActor_UAID_107C6107A01DA91102_2121261230 Label:SM_Ramp7 SpatiallyLoaded:1 Bounds:IsValid=true, Min=(X=-1806.250 Y=3643.750 Z=-29.937), Max=(X=-1256.250 Y=4468.750 Z=95.063) RuntimeGrid:None EditorOnly:0 RuntimeOnly:0 HLODRelevant:1 ListedInSceneOutliner:1 IsMainWorldOnly:0
 |   |   |- Guid:897E43D845285D1D940D1A983DC3D5D3 BaseClass:/Game/Characters/AI_Boss/Helpers/BP_SpecificTravelPoint.BP_SpecificTravelPoint_C NativeClass:/Script/Engine.Actor Name:BP_SpecificTravelPoint_C_UAID_107C6107A01D9D1102_2091221115 Label:BP_SpecificTravelPoint3 SpatiallyLoaded:1 Bounds:IsValid=true, Min=(X=-2150.518 Y=2843.521 Z=94.534), Max=(X=-2086.989 Y=2916.389 Z=217.630) RuntimeGrid:None EditorOnly:0 RuntimeOnly:0 HLODRelevant:0 ListedInSceneOutliner:1 IsMainWorldOnly:0
 |   |   |- Guid:8F32CBC14D24647BD86B96B137E315B6 BaseClass:/Game/Characters/AI_Boss/Helpers/BP_TravelPlatform.BP_TravelPlatform_C NativeClass:/Script/Engine.Actor Name:BP_TravelPlatform_C_UAID_107C6107A01DAB1102_1323928590 Label:BP_TravelPlatform5 SpatiallyLoaded:1 Bounds:IsValid=true, Min=(X=1203.750 Y=2927.500 Z=-10.000), Max=(X=1416.250 Y=3252.500 Z=90.000) RuntimeGrid:None EditorOnly:0 RuntimeOnly:0 HLODRelevant:0 ListedInSceneOutliner:1 IsMainWorldOnly:0
 |   |   |- Guid:93E5851D4CE6D0BF41D0E6B5EBFF7514 BaseClass:/Game/Interfaces/Interact/BP_InteractBtn.BP_InteractBtn_C NativeClass:/Script/Engine.Actor Name:BP_InteractButton2_C_UAID_107C6107A01D991102_1480314406 Label:BP_InteractButton2 SpatiallyLoaded:1 Bounds:IsValid=true, Min=(X=2410.000 Y=230.000 Z=-2.000), Max=(X=2510.000 Y=330.000 Z=62.000) RuntimeGrid:None EditorOnly:0 RuntimeOnly:0 HLODRelevant:0 ListedInSceneOutliner:1 IsMainWorldOnly:0 FolderPath:Buttons FolderGuid:48E4A6CA4603C6A9C328AD95CF198E9C
 |   |   |- Guid:A041D6AC4874F4085210A8A0D1CEFA0C BaseClass:/Game/Interfaces/Interact/BP_InteractBtn.BP_InteractBtn_C NativeClass:/Script/Engine.Actor Name:BP_InteractButton2_C_UAID_107C6107A01D9C1102_1707714936 Label:BP_InteractButton3 SpatiallyLoaded:1 Bounds:IsValid=true, Min=(X=2140.000 Y=6380.000 Z=-2.000), Max=(X=2240.000 Y=6480.000 Z=62.000) RuntimeGrid:None EditorOnly:0 RuntimeOnly:0 HLODRelevant:0 ListedInSceneOutliner:1 IsMainWorldOnly:0 FolderPath:Buttons FolderGuid:48E4A6CA4603C6A9C328AD95CF198E9C
 |   |   |- Guid:A2680C8C4EAFE3D9200430819D5E1487 BaseClass: NativeClass:/Script/Engine.StaticMeshActor Name:StaticMeshActor_UAID_107C6107A01D3C1102_1407401007 Label:SM_Cube7 SpatiallyLoaded:1 Bounds:IsValid=true, Min=(X=-2360.000 Y=0.000 Z=0.000), Max=(X=-2260.000 Y=6700.000 Z=400.000) RuntimeGrid:None EditorOnly:0 RuntimeOnly:0 HLODRelevant:1 ListedInSceneOutliner:1 IsMainWorldOnly:0 FolderPath:Playground FolderGuid:C73F09FC4215536B1DCE2A9E0A830C70
 |   |   |- Guid:A6A5769C49C44E316FC53EB0E0B25532 BaseClass: NativeClass:/Script/NavigationSystem.NavMeshBoundsVolume Name:NavMeshBoundsVolume_UAID_107C6107A01DE10C02_1580998770 Label:NavMeshBoundsVolume SpatiallyLoaded:0 Bounds:IsValid=true, Min=(X=-2615.000 Y=-1655.000 Z=-474.937), Max=(X=5635.000 Y=7695.000 Z=675.063) RuntimeGrid:None EditorOnly:0 RuntimeOnly:0 HLODRelevant:0 ListedInSceneOutliner:1 IsMainWorldOnly:0
 |   |   |- Guid:B2BF4EF343A054CE8E44E38072AAC672 BaseClass:/Game/Characters/AI_Boss/Helpers/BP_TravelPlatform.BP_TravelPlatform_C NativeClass:/Script/Engine.Actor Name:BP_TravelPlatform_C_UAID_107C6107A01D971102_1908782043 Label:BP_TravelPlatform2 SpatiallyLoaded:1 Bounds:IsValid=true, Min=(X=4302.500 Y=2956.250 Z=0.000), Max=(X=5277.500 Y=4443.750 Z=100.000) RuntimeGrid:None EditorOnly:0 RuntimeOnly:0 HLODRelevant:0 ListedInSceneOutliner:1 IsMainWorldOnly:0
 |   |   |- Guid:B785ED2844B84CFB91E7F39FE661CD99 BaseClass: NativeClass:/Script/Engine.DirectionalLight Name:DirectionalLight_0 Label:DirectionalLight SpatiallyLoaded:0 Bounds:IsValid=true, Min=(X=-1048576.000 Y=-1048576.000 Z=-1048576.000), Max=(X=1048576.000 Y=1048576.000 Z=1048576.000) RuntimeGrid:None EditorOnly:0 RuntimeOnly:0 HLODRelevant:0 ListedInSceneOutliner:1 IsMainWorldOnly:0 FolderPath:Lighting FolderGuid:963EC3EB4002CCE9759E2EBA541A873A
 |   |   |- Guid:B8EE53D443767002863AD295BF7FA6B2 BaseClass: NativeClass:/Script/Engine.StaticMeshActor Name:StaticMeshActor_UAID_107C6107A01D971102_1485224030 Label:SM_Ramp8 SpatiallyLoaded:1 Bounds:IsValid=true, Min=(X=940.000 Y=1047.500 Z=-39.937), Max=(X=2065.000 Y=1447.500 Z=85.063) RuntimeGrid:None EditorOnly:0 RuntimeOnly:0 HLODRelevant:1 ListedInSceneOutliner:1 IsMainWorldOnly:0
 |   |   |- Guid:C186448149B27425752B368AA22CCEC4 BaseClass: NativeClass:/Script/Engine.StaticMeshActor Name:StaticMeshActor_UAID_107C6107A01DA91102_2123768231 Label:SM_Ramp14 SpatiallyLoaded:1 Bounds:IsValid=true, Min=(X=2253.750 Y=503.750 Z=-29.937), Max=(X=3078.750 Y=1053.750 Z=95.063) RuntimeGrid:None EditorOnly:0 RuntimeOnly:0 HLODRelevant:1 ListedInSceneOutliner:1 IsMainWorldOnly:0
 |   |   |- Guid:C240D905427A71A569D8858C9B0757A1 BaseClass:/Game/Interfaces/Interact/BP_InteractBtn.BP_InteractBtn_C NativeClass:/Script/Engine.Actor Name:BP_InteractBtn_C_UAID_107C6107A01D9D1102_2025218114 Label:BP_InteractBtn2 SpatiallyLoaded:1 Bounds:IsValid=true, Min=(X=-2070.000 Y=1910.000 Z=-2.000), Max=(X=-1970.000 Y=2010.000 Z=62.000) RuntimeGrid:None EditorOnly:0 RuntimeOnly:0 HLODRelevant:0 ListedInSceneOutliner:1 IsMainWorldOnly:0
 |   |   |- Guid:CA015DAF44F588F79C9A1DA81296BDAB BaseClass: NativeClass:/Script/Engine.PlayerStart Name:PlayerStart_UAID_107C6107A01DD00C02_1653096778 Label:PlayerStart4 SpatiallyLoaded:0 Bounds:IsValid=true, Min=(X=1508.731 Y=2838.731 Z=85.786), Max=(X=1611.269 Y=2941.269 Z=269.786) RuntimeGrid:None EditorOnly:0 RuntimeOnly:0 HLODRelevant:0 ListedInSceneOutliner:1 IsMainWorldOnly:0 FolderPath:PlayerStart FolderGuid:A4722DE4471C6D2ED0E7BCADC301898F
 |   |   |- Guid:CCFF262C46EEFFDF319E7F9539CE697E BaseClass: NativeClass:/Script/Engine.SkyAtmosphere Name:SkyAtmosphere_0 Label:SkyAtmosphere SpatiallyLoaded:0 Bounds:IsValid=true, Min=(X=0.000 Y=0.000 Z=1020.000), Max=(X=0.000 Y=0.000 Z=1020.000) RuntimeGrid:None EditorOnly:0 RuntimeOnly:0 HLODRelevant:0 ListedInSceneOutliner:1 IsMainWorldOnly:0 FolderPath:Lighting FolderGuid:963EC3EB4002CCE9759E2EBA541A873A
 |   |   |- Guid:D1C9C1924B53B6E72DFB719C7FCC4FAC BaseClass:/Game/Characters/AI_Boss/Helpers/BP_SpecificTravelPoint.BP_SpecificTravelPoint_C NativeClass:/Script/Engine.Actor Name:BP_SpecificTravelPoint_C_UAID_107C6107A01D9D1102_2096954116 Label:BP_SpecificTravelPoint4 SpatiallyLoaded:1 Bounds:IsValid=true, Min=(X=1419.482 Y=203.521 Z=94.534), Max=(X=1483.011 Y=276.389 Z=217.630) RuntimeGrid:None EditorOnly:0 RuntimeOnly:0 HLODRelevant:0 ListedInSceneOutliner:1 IsMainWorldOnly:0
 |   |   |- Guid:D1CF958B4BB10B70AA7B198470C1D088 BaseClass: NativeClass:/Script/Engine.StaticMeshActor Name:StaticMeshActor_UAID_107C6107A01DA91102_2126498232 Label:SM_Ramp15 SpatiallyLoaded:1 Bounds:IsValid=true, Min=(X=-61.250 Y=503.750 Z=-29.937), Max=(X=763.750 Y=1053.750 Z=95.063) RuntimeGrid:None EditorOnly:0 RuntimeOnly:0 HLODRelevant:1 ListedInSceneOutliner:1 IsMainWorldOnly:0
 |   |   |- Guid:E33269594DFE3D26F6E7D0895412320F BaseClass: NativeClass:/Script/Engine.StaticMeshActor Name:StaticMeshActor_UAID_107C6107A01DA91102_2131077234 Label:SM_Ramp17 SpatiallyLoaded:1 Bounds:IsValid=true, Min=(X=4303.750 Y=4443.750 Z=-29.937), Max=(X=4853.750 Y=5268.750 Z=95.063) RuntimeGrid:None EditorOnly:0 RuntimeOnly:0 HLODRelevant:1 ListedInSceneOutliner:1 IsMainWorldOnly:0
 |   |   |- Guid:EC4E0C944CE6AC6E784BC6BB2916EA13 BaseClass: NativeClass:/Script/Engine.StaticMeshActor Name:StaticMeshActor_UAID_A4AE111137DC5EFB00_1110535423 Label:SM_SkySphere SpatiallyLoaded:0 Bounds:IsValid=true, Min=(X=-1638400.000 Y=-1638400.000 Z=-1638400.000), Max=(X=1638400.000 Y=1638400.000 Z=1638400.000) RuntimeGrid:None EditorOnly:0 RuntimeOnly:0 HLODRelevant:1 ListedInSceneOutliner:1 IsMainWorldOnly:0 FolderPath:Lighting FolderGuid:963EC3EB4002CCE9759E2EBA541A873A
 |   |   |- Guid:F1924B8D48954B30891B2DB6A694F9CC BaseClass: NativeClass:/Script/Engine.StaticMeshActor Name:StaticMeshActor_1 Label:SM_Cube SpatiallyLoaded:1 Bounds:IsValid=true, Min=(X=-2270.000 Y=0.000 Z=-50.000), Max=(X=5180.000 Y=6700.000 Z=0.000) RuntimeGrid:None EditorOnly:0 RuntimeOnly:0 HLODRelevant:1 ListedInSceneOutliner:1 IsMainWorldOnly:0 FolderPath:Playground FolderGuid:C73F09FC4215536B1DCE2A9E0A830C70
 |   |   |- Guid:F5E3FEB3450C49844FD93DA8E083C8AD BaseClass: NativeClass:/Script/Engine.PostProcessVolume Name:PostProcessVolume_0 Label:PostProcessVolume SpatiallyLoaded:0 Bounds:IsValid=true, Min=(X=0.000 Y=0.000 Z=400.000), Max=(X=200.000 Y=200.000 Z=600.000) RuntimeGrid:None EditorOnly:0 RuntimeOnly:0 HLODRelevant:0 ListedInSceneOutliner:1 IsMainWorldOnly:0 FolderPath:Lighting FolderGuid:963EC3EB4002CCE9759E2EBA541A873A
 |   |   |- Guid:FCB972FB49A13A48AF990CA3EE9BF8E1 BaseClass: NativeClass:/Script/Engine.StaticMeshActor Name:StaticMeshActor_UAID_107C6107A01D3C1102_1439875009 Label:SM_Cube10 SpatiallyLoaded:1 Bounds:IsValid=true, Min=(X=-2260.000 Y=6650.000 Z=0.000), Max=(X=5240.000 Y=6750.000 Z=400.000) RuntimeGrid:None EditorOnly:0 RuntimeOnly:0 HLODRelevant:1 ListedInSceneOutliner:1 IsMainWorldOnly:0 FolderPath:Playground FolderGuid:C73F09FC4215536B1DCE2A9E0A830C70
 |   |   |- Guid:FF3B721747DF0A752D8F97BD0C09C304 BaseClass: NativeClass:/Script/Engine.StaticMeshActor Name:StaticMeshActor_UAID_107C6107A01D971102_1450536024 Label:SM_Ramp5 SpatiallyLoaded:1 Bounds:IsValid=true, Min=(X=-1256.250 Y=2328.750 Z=-29.937), Max=(X=-856.250 Y=3453.750 Z=95.063) RuntimeGrid:None EditorOnly:0 RuntimeOnly:0 HLODRelevant:1 ListedInSceneOutliner:1 IsMainWorldOnly:0
 |   |- [+] Clusters:
 |   |   |- [+] [  0]
 |   |   |   |- Guid:060F5C17415C4227F3DAF7963A9D5E12 BaseClass:/Game/Characters/AI_Boss/Helpers/BP_SpecificTravelPoint.BP_SpecificTravelPoint_C NativeClass:/Script/Engine.Actor Name:BP_SpecificTravelPoint_C_UAID_107C6107A01D280D02_1820240265 Label:BP_SpecificTravelPoint2 SpatiallyLoaded:1 Bounds:IsValid=true, Min=(X=5079.482 Y=3753.521 Z=94.534), Max=(X=5143.011 Y=3826.389 Z=217.630) RuntimeGrid:None EditorOnly:0 RuntimeOnly:0 HLODRelevant:0 ListedInSceneOutliner:1 IsMainWorldOnly:0 FolderPath:BossTravelPoints FolderGuid:EE1B13E14DB02B49C8FFCCBD8D01F9E6
 |   |   |- [+] [  1]
 |   |   |   |- Guid:0B0A73934DE2712F2F4263B3886A7EBF BaseClass:/Game/Characters/AI_Boss/Helpers/BP_TravelPlatform.BP_TravelPlatform_C NativeClass:/Script/Engine.Actor Name:BP_TravelPlatform_C_UAID_107C6107A01DAB1102_1367518592 Label:BP_TravelPlatform6 SpatiallyLoaded:1 Bounds:IsValid=true, Min=(X=1473.750 Y=2927.500 Z=-50.000), Max=(X=1686.250 Y=3252.500 Z=50.000) RuntimeGrid:None EditorOnly:0 RuntimeOnly:0 HLODRelevant:0 ListedInSceneOutliner:1 IsMainWorldOnly:0
 |   |   |- [+] [  2]
 |   |   |   |- Guid:1C5C7BDA494D1ECECD0385B3D4C2CFB5 BaseClass: NativeClass:/Script/Engine.StaticMeshActor Name:StaticMeshActor_UAID_107C6107A01DA91102_2129062233 Label:SM_Ramp16 SpatiallyLoaded:1 Bounds:IsValid=true, Min=(X=4293.750 Y=2188.750 Z=-29.937), Max=(X=4843.750 Y=3013.750 Z=95.063) RuntimeGrid:None EditorOnly:0 RuntimeOnly:0 HLODRelevant:1 ListedInSceneOutliner:1 IsMainWorldOnly:0
 |   |   |- [+] [  3]
 |   |   |   |- Guid:1EE8D00E468ADA482331C7B2D6F951F6 BaseClass: NativeClass:/Script/NavigationSystem.RecastNavMesh Name:RecastNavMesh_UAID_107C6107A01DE10C02-Default Label:RecastNavMesh-Default SpatiallyLoaded:0 Bounds:IsValid=true, Min=(X=0.000 Y=0.000 Z=0.000), Max=(X=0.000 Y=0.000 Z=0.000) RuntimeGrid:None EditorOnly:0 RuntimeOnly:0 HLODRelevant:0 ListedInSceneOutliner:1 IsMainWorldOnly:0
 |   |   |- [+] [  4]
 |   |   |   |- Guid:28A5D42942C55590B947CDB92ABB802F BaseClass:/Game/Interfaces/Interact/BP_InteractBtn.BP_InteractBtn_C NativeClass:/Script/Engine.Actor Name:BP_InteractBtn_C_UAID_107C6107A01D9D1102_1978842113 Label:BP_InteractBtn SpatiallyLoaded:1 Bounds:IsValid=true, Min=(X=4920.000 Y=4630.000 Z=-11.937), Max=(X=5020.000 Y=4730.000 Z=52.063) RuntimeGrid:None EditorOnly:0 RuntimeOnly:0 HLODRelevant:0 ListedInSceneOutliner:1 IsMainWorldOnly:0 FolderPath:Buttons FolderGuid:48E4A6CA4603C6A9C328AD95CF198E9C
 |   |   |   |- Guid:B2BF4EF343A054CE8E44E38072AAC672 BaseClass:/Game/Characters/AI_Boss/Helpers/BP_TravelPlatform.BP_TravelPlatform_C NativeClass:/Script/Engine.Actor Name:BP_TravelPlatform_C_UAID_107C6107A01D971102_1908782043 Label:BP_TravelPlatform2 SpatiallyLoaded:1 Bounds:IsValid=true, Min=(X=4302.500 Y=2956.250 Z=0.000), Max=(X=5277.500 Y=4443.750 Z=100.000) RuntimeGrid:None EditorOnly:0 RuntimeOnly:0 HLODRelevant:0 ListedInSceneOutliner:1 IsMainWorldOnly:0
 |   |   |- [+] [  5]
 |   |   |   |- Guid:2B3670CA45AB8B556B21E19AA2D4C60A BaseClass: NativeClass:/Script/Engine.StaticMeshActor Name:StaticMeshActor_UAID_107C6107A01D3C1102_1421128008 Label:SM_Cube8 SpatiallyLoaded:1 Bounds:IsValid=true, Min=(X=-2260.000 Y=0.000 Z=0.000), Max=(X=5240.000 Y=100.000 Z=400.000) RuntimeGrid:None EditorOnly:0 RuntimeOnly:0 HLODRelevant:1 ListedInSceneOutliner:1 IsMainWorldOnly:0 FolderPath:Playground FolderGuid:C73F09FC4215536B1DCE2A9E0A830C70
 |   |   |- [+] [  6]
 |   |   |   |- Guid:2E40EE6545EF50FF33CC4FA2BE40276B BaseClass:/Game/Characters/AI_Minion/BP_AIMinion.BP_AIMinion_C NativeClass:/Script/Engine.Character Name:BP_AIMinion_C_UAID_107C6107A01DAB1102_1333649591 Label:BP_AIMinion SpatiallyLoaded:1 Bounds:IsValid=true, Min=(X=1107.917 Y=2907.917 Z=-148.583), Max=(X=1512.083 Y=3312.083 Z=255.583) RuntimeGrid:None EditorOnly:0 RuntimeOnly:0 HLODRelevant:0 ListedInSceneOutliner:1 IsMainWorldOnly:0
 |   |   |- [+] [  7]
 |   |   |   |- Guid:2FB58999456391D349DC0F86DAC136ED BaseClass: NativeClass:/Script/Engine.SkyLight Name:SkyLight_1 Label:SkyLight SpatiallyLoaded:0 Bounds:IsValid=true, Min=(X=0.000 Y=0.000 Z=690.000), Max=(X=0.000 Y=0.000 Z=690.000) RuntimeGrid:None EditorOnly:0 RuntimeOnly:0 HLODRelevant:0 ListedInSceneOutliner:1 IsMainWorldOnly:0 FolderPath:Lighting FolderGuid:963EC3EB4002CCE9759E2EBA541A873A
 |   |   |- [+] [  8]
 |   |   |   |- Guid:316CF2A6494ACA4C0E4180A87D36AB8F BaseClass: NativeClass:/Script/Engine.ExponentialHeightFog Name:ExponentialHeightFog_0 Label:ExponentialHeightFog SpatiallyLoaded:0 Bounds:IsValid=true, Min=(X=-5600.000 Y=-50.000 Z=-6850.000), Max=(X=-5600.000 Y=-50.000 Z=-6850.000) RuntimeGrid:None EditorOnly:0 RuntimeOnly:0 HLODRelevant:0 ListedInSceneOutliner:1 IsMainWorldOnly:0 FolderPath:Lighting FolderGuid:963EC3EB4002CCE9759E2EBA541A873A
 |   |   |- [+] [  9]
 |   |   |   |- Guid:39B30EAD4211D5568A42909AA2136E91 BaseClass:/Game/Characters/AI_Boss/Helpers/BP_TravelPlatform.BP_TravelPlatform_C NativeClass:/Script/Engine.Actor Name:BP_TravelPlatform_C_UAID_107C6107A01D981102_1678209224 Label:BP_TravelPlatform3 SpatiallyLoaded:1 Bounds:IsValid=true, Min=(X=-2227.500 Y=2156.250 Z=0.000), Max=(X=-1252.500 Y=3643.750 Z=100.000) RuntimeGrid:None EditorOnly:0 RuntimeOnly:0 HLODRelevant:0 ListedInSceneOutliner:1 IsMainWorldOnly:0
 |   |   |   |- Guid:C240D905427A71A569D8858C9B0757A1 BaseClass:/Game/Interfaces/Interact/BP_InteractBtn.BP_InteractBtn_C NativeClass:/Script/Engine.Actor Name:BP_InteractBtn_C_UAID_107C6107A01D9D1102_2025218114 Label:BP_InteractBtn2 SpatiallyLoaded:1 Bounds:IsValid=true, Min=(X=-2070.000 Y=1910.000 Z=-2.000), Max=(X=-1970.000 Y=2010.000 Z=62.000) RuntimeGrid:None EditorOnly:0 RuntimeOnly:0 HLODRelevant:0 ListedInSceneOutliner:1 IsMainWorldOnly:0
 |   |   |- [+] [ 10]
 |   |   |   |- Guid:3BE409424DAC6853FF13ABB954FFB5AF BaseClass: NativeClass:/Script/Engine.StaticMeshActor Name:StaticMeshActor_UAID_107C6107A01DAA1102_1173176412 Label:SM_Ramp18 SpatiallyLoaded:1 Bounds:IsValid=true, Min=(X=2043.750 Y=5743.750 Z=-29.937), Max=(X=2868.750 Y=6293.750 Z=95.063) RuntimeGrid:None EditorOnly:0 RuntimeOnly:0 HLODRelevant:1 ListedInSceneOutliner:1 IsMainWorldOnly:0
 |   |   |- [+] [ 11]
 |   |   |   |- Guid:4220B1EB4866D8D162EAF0AA0746DC51 BaseClass: NativeClass:/Script/Engine.StaticMeshActor Name:StaticMeshActor_UAID_107C6107A01D971102_1450538026 Label:SM_Ramp6 SpatiallyLoaded:1 Bounds:IsValid=true, Min=(X=-1806.250 Y=1338.750 Z=-29.937), Max=(X=-1256.250 Y=2163.750 Z=95.063) RuntimeGrid:None EditorOnly:0 RuntimeOnly:0 HLODRelevant:1 ListedInSceneOutliner:1 IsMainWorldOnly:0
 |   |   |- [+] [ 12]
 |   |   |   |- Guid:43815E84492231AFC407F59E3C28176B BaseClass: NativeClass:/Script/Engine.StaticMeshActor Name:StaticMeshActor_4 Label:SM_Cube6 SpatiallyLoaded:1 Bounds:IsValid=true, Min=(X=5170.000 Y=0.000 Z=0.000), Max=(X=5270.000 Y=6700.000 Z=400.000) RuntimeGrid:None EditorOnly:0 RuntimeOnly:0 HLODRelevant:1 ListedInSceneOutliner:1 IsMainWorldOnly:0 FolderPath:Playground FolderGuid:C73F09FC4215536B1DCE2A9E0A830C70
 |   |   |- [+] [ 13]
 |   |   |   |- Guid:4D3BE93F4146AAAC8BBE79999D96D57F BaseClass: NativeClass:/Script/Engine.VolumetricCloud Name:VolumetricCloud_0 Label:VolumetricCloud SpatiallyLoaded:0 Bounds:IsValid=true, Min=(X=0.000 Y=0.000 Z=820.000), Max=(X=0.000 Y=0.000 Z=820.000) RuntimeGrid:None EditorOnly:0 RuntimeOnly:0 HLODRelevant:0 ListedInSceneOutliner:1 IsMainWorldOnly:0 FolderPath:Lighting FolderGuid:963EC3EB4002CCE9759E2EBA541A873A
 |   |   |- [+] [ 14]
 |   |   |   |- Guid:5136815D4879D419D7D45380E4D1B0A6 BaseClass:/Game/Characters/AI_Boss/Helpers/BP_TravelPlatform.BP_TravelPlatform_C NativeClass:/Script/Engine.Actor Name:BP_TravelPlatform_C_UAID_107C6107A01D971102_1870665042 Label:BP_TravelPlatform SpatiallyLoaded:1 Bounds:IsValid=true, Min=(X=766.250 Y=82.500 Z=0.000), Max=(X=2253.750 Y=1057.500 Z=100.000) RuntimeGrid:None EditorOnly:0 RuntimeOnly:0 HLODRelevant:0 ListedInSceneOutliner:1 IsMainWorldOnly:0
 |   |   |   |- Guid:93E5851D4CE6D0BF41D0E6B5EBFF7514 BaseClass:/Game/Interfaces/Interact/BP_InteractBtn.BP_InteractBtn_C NativeClass:/Script/Engine.Actor Name:BP_InteractButton2_C_UAID_107C6107A01D991102_1480314406 Label:BP_InteractButton2 SpatiallyLoaded:1 Bounds:IsValid=true, Min=(X=2410.000 Y=230.000 Z=-2.000), Max=(X=2510.000 Y=330.000 Z=62.000) RuntimeGrid:None EditorOnly:0 RuntimeOnly:0 HLODRelevant:0 ListedInSceneOutliner:1 IsMainWorldOnly:0 FolderPath:Buttons FolderGuid:48E4A6CA4603C6A9C328AD95CF198E9C
 |   |   |- [+] [ 15]
 |   |   |   |- Guid:57D9E8D04729536C433690B6F8F6C563 BaseClass:/Game/Characters/AI_Boss/Helpers/BP_SpecificTravelPoint.BP_SpecificTravelPoint_C NativeClass:/Script/Engine.Actor Name:BP_SpecificTravelPoint_C_UAID_107C6107A01D280D02_1812804264 Label:BP_SpecificTravelPoint SpatiallyLoaded:1 Bounds:IsValid=true, Min=(X=1259.482 Y=6503.521 Z=84.534), Max=(X=1323.011 Y=6576.389 Z=207.630) RuntimeGrid:None EditorOnly:0 RuntimeOnly:0 HLODRelevant:0 ListedInSceneOutliner:1 IsMainWorldOnly:0 FolderPath:BossTravelPoints FolderGuid:EE1B13E14DB02B49C8FFCCBD8D01F9E6
 |   |   |- [+] [ 16]
 |   |   |   |- Guid:6BAF4DDD444C60371492D3919DB42C97 BaseClass: NativeClass:/Script/Engine.WorldDataLayers Name:WorldDataLayers Label:WorldDataLayers SpatiallyLoaded:0 Bounds:IsValid=true, Min=(X=0.000 Y=0.000 Z=0.000), Max=(X=0.000 Y=0.000 Z=0.000) RuntimeGrid:None EditorOnly:0 RuntimeOnly:0 HLODRelevant:0 ListedInSceneOutliner:1 IsMainWorldOnly:1
 |   |   |- [+] [ 17]
 |   |   |   |- Guid:76DECB1648565FA016C29D9D826100B7 BaseClass: NativeClass:/Script/Engine.StaticMeshActor Name:StaticMeshActor_UAID_107C6107A01DAA1102_1173178413 Label:SM_Ramp19 SpatiallyLoaded:1 Bounds:IsValid=true, Min=(X=-261.250 Y=5743.750 Z=-29.937), Max=(X=563.750 Y=6293.750 Z=95.063) RuntimeGrid:None EditorOnly:0 RuntimeOnly:0 HLODRelevant:1 ListedInSceneOutliner:1 IsMainWorldOnly:0
 |   |   |- [+] [ 18]
 |   |   |   |- Guid:7940CBF54392644D0F1BA9ACCFE77177 BaseClass:/Game/Characters/AI_Boss/Helpers/BP_TravelPlatform.BP_TravelPlatform_C NativeClass:/Script/Engine.Actor Name:BP_TravelPlatform_C_UAID_107C6107A01D981102_1697244225 Label:BP_TravelPlatform4 SpatiallyLoaded:1 Bounds:IsValid=true, Min=(X=566.250 Y=5712.500 Z=0.000), Max=(X=2053.750 Y=6687.500 Z=100.000) RuntimeGrid:None EditorOnly:0 RuntimeOnly:0 HLODRelevant:0 ListedInSceneOutliner:1 IsMainWorldOnly:0
 |   |   |   |- Guid:A041D6AC4874F4085210A8A0D1CEFA0C BaseClass:/Game/Interfaces/Interact/BP_InteractBtn.BP_InteractBtn_C NativeClass:/Script/Engine.Actor Name:BP_InteractButton2_C_UAID_107C6107A01D9C1102_1707714936 Label:BP_InteractButton3 SpatiallyLoaded:1 Bounds:IsValid=true, Min=(X=2140.000 Y=6380.000 Z=-2.000), Max=(X=2240.000 Y=6480.000 Z=62.000) RuntimeGrid:None EditorOnly:0 RuntimeOnly:0 HLODRelevant:0 ListedInSceneOutliner:1 IsMainWorldOnly:0 FolderPath:Buttons FolderGuid:48E4A6CA4603C6A9C328AD95CF198E9C
 |   |   |- [+] [ 19]
 |   |   |   |- Guid:7EF1E5B94724807B01CE3480069458FE BaseClass: NativeClass:/Script/Engine.StaticMeshActor Name:StaticMeshActor_UAID_107C6107A01D401102_1743223729 Label:SM_Ramp4 SpatiallyLoaded:1 Bounds:IsValid=true, Min=(X=735.000 Y=5320.000 Z=-39.937), Max=(X=1860.000 Y=5720.000 Z=85.063) RuntimeGrid:None EditorOnly:0 RuntimeOnly:0 HLODRelevant:1 ListedInSceneOutliner:1 IsMainWorldOnly:0
 |   |   |- [+] [ 20]
 |   |   |   |- Guid:82E5BDC04FB3C3DFBF82C6BEB73739B7 BaseClass: NativeClass:/Script/Engine.StaticMeshActor Name:StaticMeshActor_UAID_107C6107A01D971102_1509259036 Label:SM_Ramp11 SpatiallyLoaded:1 Bounds:IsValid=true, Min=(X=3906.250 Y=3113.750 Z=-29.937), Max=(X=4306.250 Y=4238.750 Z=95.063) RuntimeGrid:None EditorOnly:0 RuntimeOnly:0 HLODRelevant:1 ListedInSceneOutliner:1 IsMainWorldOnly:0
 |   |   |- [+] [ 21]
 |   |   |   |- Guid:83D83523442D9AE49670E493D3DE9769 BaseClass: NativeClass:/Script/Engine.StaticMeshActor Name:StaticMeshActor_UAID_107C6107A01DA91102_2121261230 Label:SM_Ramp7 SpatiallyLoaded:1 Bounds:IsValid=true, Min=(X=-1806.250 Y=3643.750 Z=-29.937), Max=(X=-1256.250 Y=4468.750 Z=95.063) RuntimeGrid:None EditorOnly:0 RuntimeOnly:0 HLODRelevant:1 ListedInSceneOutliner:1 IsMainWorldOnly:0
 |   |   |- [+] [ 22]
 |   |   |   |- Guid:897E43D845285D1D940D1A983DC3D5D3 BaseClass:/Game/Characters/AI_Boss/Helpers/BP_SpecificTravelPoint.BP_SpecificTravelPoint_C NativeClass:/Script/Engine.Actor Name:BP_SpecificTravelPoint_C_UAID_107C6107A01D9D1102_2091221115 Label:BP_SpecificTravelPoint3 SpatiallyLoaded:1 Bounds:IsValid=true, Min=(X=-2150.518 Y=2843.521 Z=94.534), Max=(X=-2086.989 Y=2916.389 Z=217.630) RuntimeGrid:None EditorOnly:0 RuntimeOnly:0 HLODRelevant:0 ListedInSceneOutliner:1 IsMainWorldOnly:0
 |   |   |- [+] [ 23]
 |   |   |   |- Guid:8F32CBC14D24647BD86B96B137E315B6 BaseClass:/Game/Characters/AI_Boss/Helpers/BP_TravelPlatform.BP_TravelPlatform_C NativeClass:/Script/Engine.Actor Name:BP_TravelPlatform_C_UAID_107C6107A01DAB1102_1323928590 Label:BP_TravelPlatform5 SpatiallyLoaded:1 Bounds:IsValid=true, Min=(X=1203.750 Y=2927.500 Z=-10.000), Max=(X=1416.250 Y=3252.500 Z=90.000) RuntimeGrid:None EditorOnly:0 RuntimeOnly:0 HLODRelevant:0 ListedInSceneOutliner:1 IsMainWorldOnly:0
 |   |   |- [+] [ 24]
 |   |   |   |- Guid:A2680C8C4EAFE3D9200430819D5E1487 BaseClass: NativeClass:/Script/Engine.StaticMeshActor Name:StaticMeshActor_UAID_107C6107A01D3C1102_1407401007 Label:SM_Cube7 SpatiallyLoaded:1 Bounds:IsValid=true, Min=(X=-2360.000 Y=0.000 Z=0.000), Max=(X=-2260.000 Y=6700.000 Z=400.000) RuntimeGrid:None EditorOnly:0 RuntimeOnly:0 HLODRelevant:1 ListedInSceneOutliner:1 IsMainWorldOnly:0 FolderPath:Playground FolderGuid:C73F09FC4215536B1DCE2A9E0A830C70
 |   |   |- [+] [ 25]
 |   |   |   |- Guid:A6A5769C49C44E316FC53EB0E0B25532 BaseClass: NativeClass:/Script/NavigationSystem.NavMeshBoundsVolume Name:NavMeshBoundsVolume_UAID_107C6107A01DE10C02_1580998770 Label:NavMeshBoundsVolume SpatiallyLoaded:0 Bounds:IsValid=true, Min=(X=-2615.000 Y=-1655.000 Z=-474.937), Max=(X=5635.000 Y=7695.000 Z=675.063) RuntimeGrid:None EditorOnly:0 RuntimeOnly:0 HLODRelevant:0 ListedInSceneOutliner:1 IsMainWorldOnly:0
 |   |   |- [+] [ 26]
 |   |   |   |- Guid:B785ED2844B84CFB91E7F39FE661CD99 BaseClass: NativeClass:/Script/Engine.DirectionalLight Name:DirectionalLight_0 Label:DirectionalLight SpatiallyLoaded:0 Bounds:IsValid=true, Min=(X=-1048576.000 Y=-1048576.000 Z=-1048576.000), Max=(X=1048576.000 Y=1048576.000 Z=1048576.000) RuntimeGrid:None EditorOnly:0 RuntimeOnly:0 HLODRelevant:0 ListedInSceneOutliner:1 IsMainWorldOnly:0 FolderPath:Lighting FolderGuid:963EC3EB4002CCE9759E2EBA541A873A
 |   |   |- [+] [ 27]
 |   |   |   |- Guid:B8EE53D443767002863AD295BF7FA6B2 BaseClass: NativeClass:/Script/Engine.StaticMeshActor Name:StaticMeshActor_UAID_107C6107A01D971102_1485224030 Label:SM_Ramp8 SpatiallyLoaded:1 Bounds:IsValid=true, Min=(X=940.000 Y=1047.500 Z=-39.937), Max=(X=2065.000 Y=1447.500 Z=85.063) RuntimeGrid:None EditorOnly:0 RuntimeOnly:0 HLODRelevant:1 ListedInSceneOutliner:1 IsMainWorldOnly:0
 |   |   |- [+] [ 28]
 |   |   |   |- Guid:C186448149B27425752B368AA22CCEC4 BaseClass: NativeClass:/Script/Engine.StaticMeshActor Name:StaticMeshActor_UAID_107C6107A01DA91102_2123768231 Label:SM_Ramp14 SpatiallyLoaded:1 Bounds:IsValid=true, Min=(X=2253.750 Y=503.750 Z=-29.937), Max=(X=3078.750 Y=1053.750 Z=95.063) RuntimeGrid:None EditorOnly:0 RuntimeOnly:0 HLODRelevant:1 ListedInSceneOutliner:1 IsMainWorldOnly:0
 |   |   |- [+] [ 29]
 |   |   |   |- Guid:CA015DAF44F588F79C9A1DA81296BDAB BaseClass: NativeClass:/Script/Engine.PlayerStart Name:PlayerStart_UAID_107C6107A01DD00C02_1653096778 Label:PlayerStart4 SpatiallyLoaded:0 Bounds:IsValid=true, Min=(X=1508.731 Y=2838.731 Z=85.786), Max=(X=1611.269 Y=2941.269 Z=269.786) RuntimeGrid:None EditorOnly:0 RuntimeOnly:0 HLODRelevant:0 ListedInSceneOutliner:1 IsMainWorldOnly:0 FolderPath:PlayerStart FolderGuid:A4722DE4471C6D2ED0E7BCADC301898F
 |   |   |- [+] [ 30]
 |   |   |   |- Guid:CCFF262C46EEFFDF319E7F9539CE697E BaseClass: NativeClass:/Script/Engine.SkyAtmosphere Name:SkyAtmosphere_0 Label:SkyAtmosphere SpatiallyLoaded:0 Bounds:IsValid=true, Min=(X=0.000 Y=0.000 Z=1020.000), Max=(X=0.000 Y=0.000 Z=1020.000) RuntimeGrid:None EditorOnly:0 RuntimeOnly:0 HLODRelevant:0 ListedInSceneOutliner:1 IsMainWorldOnly:0 FolderPath:Lighting FolderGuid:963EC3EB4002CCE9759E2EBA541A873A
 |   |   |- [+] [ 31]
 |   |   |   |- Guid:D1C9C1924B53B6E72DFB719C7FCC4FAC BaseClass:/Game/Characters/AI_Boss/Helpers/BP_SpecificTravelPoint.BP_SpecificTravelPoint_C NativeClass:/Script/Engine.Actor Name:BP_SpecificTravelPoint_C_UAID_107C6107A01D9D1102_2096954116 Label:BP_SpecificTravelPoint4 SpatiallyLoaded:1 Bounds:IsValid=true, Min=(X=1419.482 Y=203.521 Z=94.534), Max=(X=1483.011 Y=276.389 Z=217.630) RuntimeGrid:None EditorOnly:0 RuntimeOnly:0 HLODRelevant:0 ListedInSceneOutliner:1 IsMainWorldOnly:0
 |   |   |- [+] [ 32]
 |   |   |   |- Guid:D1CF958B4BB10B70AA7B198470C1D088 BaseClass: NativeClass:/Script/Engine.StaticMeshActor Name:StaticMeshActor_UAID_107C6107A01DA91102_2126498232 Label:SM_Ramp15 SpatiallyLoaded:1 Bounds:IsValid=true, Min=(X=-61.250 Y=503.750 Z=-29.937), Max=(X=763.750 Y=1053.750 Z=95.063) RuntimeGrid:None EditorOnly:0 RuntimeOnly:0 HLODRelevant:1 ListedInSceneOutliner:1 IsMainWorldOnly:0
 |   |   |- [+] [ 33]
 |   |   |   |- Guid:E33269594DFE3D26F6E7D0895412320F BaseClass: NativeClass:/Script/Engine.StaticMeshActor Name:StaticMeshActor_UAID_107C6107A01DA91102_2131077234 Label:SM_Ramp17 SpatiallyLoaded:1 Bounds:IsValid=true, Min=(X=4303.750 Y=4443.750 Z=-29.937), Max=(X=4853.750 Y=5268.750 Z=95.063) RuntimeGrid:None EditorOnly:0 RuntimeOnly:0 HLODRelevant:1 ListedInSceneOutliner:1 IsMainWorldOnly:0
 |   |   |- [+] [ 34]
 |   |   |   |- Guid:EC4E0C944CE6AC6E784BC6BB2916EA13 BaseClass: NativeClass:/Script/Engine.StaticMeshActor Name:StaticMeshActor_UAID_A4AE111137DC5EFB00_1110535423 Label:SM_SkySphere SpatiallyLoaded:0 Bounds:IsValid=true, Min=(X=-1638400.000 Y=-1638400.000 Z=-1638400.000), Max=(X=1638400.000 Y=1638400.000 Z=1638400.000) RuntimeGrid:None EditorOnly:0 RuntimeOnly:0 HLODRelevant:1 ListedInSceneOutliner:1 IsMainWorldOnly:0 FolderPath:Lighting FolderGuid:963EC3EB4002CCE9759E2EBA541A873A
 |   |   |- [+] [ 35]
 |   |   |   |- Guid:F1924B8D48954B30891B2DB6A694F9CC BaseClass: NativeClass:/Script/Engine.StaticMeshActor Name:StaticMeshActor_1 Label:SM_Cube SpatiallyLoaded:1 Bounds:IsValid=true, Min=(X=-2270.000 Y=0.000 Z=-50.000), Max=(X=5180.000 Y=6700.000 Z=0.000) RuntimeGrid:None EditorOnly:0 RuntimeOnly:0 HLODRelevant:1 ListedInSceneOutliner:1 IsMainWorldOnly:0 FolderPath:Playground FolderGuid:C73F09FC4215536B1DCE2A9E0A830C70
 |   |   |- [+] [ 36]
 |   |   |   |- Guid:F5E3FEB3450C49844FD93DA8E083C8AD BaseClass: NativeClass:/Script/Engine.PostProcessVolume Name:PostProcessVolume_0 Label:PostProcessVolume SpatiallyLoaded:0 Bounds:IsValid=true, Min=(X=0.000 Y=0.000 Z=400.000), Max=(X=200.000 Y=200.000 Z=600.000) RuntimeGrid:None EditorOnly:0 RuntimeOnly:0 HLODRelevant:0 ListedInSceneOutliner:1 IsMainWorldOnly:0 FolderPath:Lighting FolderGuid:963EC3EB4002CCE9759E2EBA541A873A
 |   |   |- [+] [ 37]
 |   |   |   |- Guid:FCB972FB49A13A48AF990CA3EE9BF8E1 BaseClass: NativeClass:/Script/Engine.StaticMeshActor Name:StaticMeshActor_UAID_107C6107A01D3C1102_1439875009 Label:SM_Cube10 SpatiallyLoaded:1 Bounds:IsValid=true, Min=(X=-2260.000 Y=6650.000 Z=0.000), Max=(X=5240.000 Y=6750.000 Z=400.000) RuntimeGrid:None EditorOnly:0 RuntimeOnly:0 HLODRelevant:1 ListedInSceneOutliner:1 IsMainWorldOnly:0 FolderPath:Playground FolderGuid:C73F09FC4215536B1DCE2A9E0A830C70
 |   |   |- [+] [ 38]
 |   |   |   |- Guid:FF3B721747DF0A752D8F97BD0C09C304 BaseClass: NativeClass:/Script/Engine.StaticMeshActor Name:StaticMeshActor_UAID_107C6107A01D971102_1450536024 Label:SM_Ramp5 SpatiallyLoaded:1 Bounds:IsValid=true, Min=(X=-1256.250 Y=2328.750 Z=-29.937), Max=(X=-856.250 Y=3453.750 Z=95.063) RuntimeGrid:None EditorOnly:0 RuntimeOnly:0 HLODRelevant:1 ListedInSceneOutliner:1 IsMainWorldOnly:0
 |- ContainerInstances:
 |- [+] MainContainer:
 |   |-        ID: 00000000000000000000000000000000
 |   |-  ParentID: 00000000000000000000000000000000
 |   |-    Bounds: IsValid=false, Min=(X=0.000 Y=0.000 Z=0.000), Max=(X=0.000 Y=0.000 Z=0.000)
 |   |- Transform: 0.000000,0.000000,0.000000|0.000000,0.000000,-0.000000|1.000000,1.000000,1.000000
 |   |- Container: /Game/ThirdPerson/Maps/ThirdPersonMap
----------------------------------------------------------------------------------------------------------------
ThirdPersonMap - Persistent Level
----------------------------------------------------------------------------------------------------------------
[+] Content of ThirdPersonMap Persistent Level
 |- Always loaded Actor Count: 43 
 |- Actor Path: /Game/ThirdPerson/Maps/ThirdPersonMap.ThirdPersonMap:PersistentLevel.BP_AIMinion_C_UAID_107C6107A01DAB1102_1333649591
 |- Actor Package: /Game/__ExternalActors__/ThirdPerson/Maps/ThirdPersonMap/E/IY/ZLRB4VE8SCPGFS5GXA1M4D
 |- Actor Path: /Game/ThirdPerson/Maps/ThirdPersonMap.ThirdPersonMap:PersistentLevel.BP_InteractBtn_C_UAID_107C6107A01D9D1102_1978842113
 |- Actor Package: /Game/__ExternalActors__/ThirdPerson/Maps/ThirdPersonMap/1/99/IYMIERFR3Z8PUT93UZH3H2
 |- Actor Path: /Game/ThirdPerson/Maps/ThirdPersonMap.ThirdPersonMap:PersistentLevel.BP_InteractBtn_C_UAID_107C6107A01D9D1102_2025218114
 |- Actor Package: /Game/__ExternalActors__/ThirdPerson/Maps/ThirdPersonMap/3/SR/ATBHA1DJBLCYMWYFLU3FY4
 |- Actor Path: /Game/ThirdPerson/Maps/ThirdPersonMap.ThirdPersonMap:PersistentLevel.BP_InteractButton2_C_UAID_107C6107A01D991102_1480314406
 |- Actor Package: /Game/__ExternalActors__/ThirdPerson/Maps/ThirdPersonMap/F/1U/RMS8B74UAX4EHDDNSQHRAZ
 |- Actor Path: /Game/ThirdPerson/Maps/ThirdPersonMap.ThirdPersonMap:PersistentLevel.BP_InteractButton2_C_UAID_107C6107A01D9C1102_1707714936
 |- Actor Package: /Game/__ExternalActors__/ThirdPerson/Maps/ThirdPersonMap/D/QE/FIE8HFSJ2R0YKK1ZAMQKX9
 |- Actor Path: /Game/ThirdPerson/Maps/ThirdPersonMap.ThirdPersonMap:PersistentLevel.BP_SpecificTravelPoint_C_UAID_107C6107A01D280D02_1812804264
 |- Actor Package: /Game/__ExternalActors__/ThirdPerson/Maps/ThirdPersonMap/E/5N/Z4IU6NGSEZCTYSWM0MLDB6
 |- Actor Path: /Game/ThirdPerson/Maps/ThirdPersonMap.ThirdPersonMap:PersistentLevel.BP_SpecificTravelPoint_C_UAID_107C6107A01D280D02_1820240265
 |- Actor Package: /Game/__ExternalActors__/ThirdPerson/Maps/ThirdPersonMap/8/MC/BBGA0VWS6NR9WZ7X5PR7W6
 |- Actor Path: /Game/ThirdPerson/Maps/ThirdPersonMap.ThirdPersonMap:PersistentLevel.BP_SpecificTravelPoint_C_UAID_107C6107A01D9D1102_2091221115
 |- Actor Package: /Game/__ExternalActors__/ThirdPerson/Maps/ThirdPersonMap/D/I5/BBH14VU39ZP3U44Y907HIJ
 |- Actor Path: /Game/ThirdPerson/Maps/ThirdPersonMap.ThirdPersonMap:PersistentLevel.BP_SpecificTravelPoint_C_UAID_107C6107A01D9D1102_2096954116
 |- Actor Package: /Game/__ExternalActors__/ThirdPerson/Maps/ThirdPersonMap/2/JD/VZGR3AHNYQRIYJZC1ZJJ3K
 |- Actor Path: /Game/ThirdPerson/Maps/ThirdPersonMap.ThirdPersonMap:PersistentLevel.BP_TravelPlatform_C_UAID_107C6107A01D971102_1870665042
 |- Actor Package: /Game/__ExternalActors__/ThirdPerson/Maps/ThirdPersonMap/5/ND/NZZC2XGO6PTLV39QMCHUHW
 |- Actor Path: /Game/ThirdPerson/Maps/ThirdPersonMap.ThirdPersonMap:PersistentLevel.BP_TravelPlatform_C_UAID_107C6107A01D971102_1908782043
 |- Actor Package: /Game/__ExternalActors__/ThirdPerson/Maps/ThirdPersonMap/8/X1/AO7139D7GGZO2NMI1JQZ8E
 |- Actor Path: /Game/ThirdPerson/Maps/ThirdPersonMap.ThirdPersonMap:PersistentLevel.BP_TravelPlatform_C_UAID_107C6107A01D981102_1678209224
 |- Actor Package: /Game/__ExternalActors__/ThirdPerson/Maps/ThirdPersonMap/E/M6/NCSZDH4041QKTV92W5WWMI
 |- Actor Path: /Game/ThirdPerson/Maps/ThirdPersonMap.ThirdPersonMap:PersistentLevel.BP_TravelPlatform_C_UAID_107C6107A01D981102_1697244225
 |- Actor Package: /Game/__ExternalActors__/ThirdPerson/Maps/ThirdPersonMap/0/BJ/LSLB06RSXTQICHPCH8T9B9
 |- Actor Path: /Game/ThirdPerson/Maps/ThirdPersonMap.ThirdPersonMap:PersistentLevel.BP_TravelPlatform_C_UAID_107C6107A01DAB1102_1323928590
 |- Actor Package: /Game/__ExternalActors__/ThirdPerson/Maps/ThirdPersonMap/9/J8/E9JQK9MDNZ9KB74DMZI2TI
 |- Actor Path: /Game/ThirdPerson/Maps/ThirdPersonMap.ThirdPersonMap:PersistentLevel.BP_TravelPlatform_C_UAID_107C6107A01DAB1102_1367518592
 |- Actor Package: /Game/__ExternalActors__/ThirdPerson/Maps/ThirdPersonMap/4/F3/8C0WLOAHBZ3BF7SNZ50UGO
 |- Actor Path: /Game/ThirdPerson/Maps/ThirdPersonMap.ThirdPersonMap:PersistentLevel.DirectionalLight_0
 |- Actor Package: /Game/__ExternalActors__/ThirdPerson/Maps/ThirdPersonMap/5/R1/TS5OQ5CRUWFZYL1ZQ7I416
 |- Actor Path: /Game/ThirdPerson/Maps/ThirdPersonMap.ThirdPersonMap:PersistentLevel.ExponentialHeightFog_0
 |- Actor Package: /Game/__ExternalActors__/ThirdPerson/Maps/ThirdPersonMap/6/J7/N10XDC9G27EMLS5AGZ6AVV
 |- Actor Path: /Game/ThirdPerson/Maps/ThirdPersonMap.ThirdPersonMap:PersistentLevel.NavMeshBoundsVolume_UAID_107C6107A01DE10C02_1580998770
 |- Actor Package: /Game/__ExternalActors__/ThirdPerson/Maps/ThirdPersonMap/D/O8/XE7N731H8JV8ERAEKN0LZO
 |- Actor Path: /Game/ThirdPerson/Maps/ThirdPersonMap.ThirdPersonMap:PersistentLevel.PlayerStart_UAID_107C6107A01DD00C02_1653096778
 |- Actor Package: /Game/__ExternalActors__/ThirdPerson/Maps/ThirdPersonMap/3/R9/IQZYKAL48HUI0F280TXVQF
 |- Actor Path: /Game/ThirdPerson/Maps/ThirdPersonMap.ThirdPersonMap:PersistentLevel.PostProcessVolume_0
 |- Actor Package: /Game/__ExternalActors__/ThirdPerson/Maps/ThirdPersonMap/1/AZ/A7GPT109Y6ZTTJD4A7TXER
 |- Actor Path: /Game/ThirdPerson/Maps/ThirdPersonMap.ThirdPersonMap:PersistentLevel.RecastNavMesh_UAID_107C6107A01DE10C02-Default
 |- Actor Package: /Game/__ExternalActors__/ThirdPerson/Maps/ThirdPersonMap/7/E8/JGTMO42P9AQIJ2E1UR298H
 |- Actor Path: /Game/ThirdPerson/Maps/ThirdPersonMap.ThirdPersonMap:PersistentLevel.SkyAtmosphere_0
 |- Actor Package: /Game/__ExternalActors__/ThirdPerson/Maps/ThirdPersonMap/4/LN/30UBDLYFFA5ZR7U4W4L4GG
 |- Actor Path: /Game/ThirdPerson/Maps/ThirdPersonMap.ThirdPersonMap:PersistentLevel.SkyLight_1
 |- Actor Package: /Game/__ExternalActors__/ThirdPerson/Maps/ThirdPersonMap/8/S1/DXUWD12MD3HRWVVXX076BY
 |- Actor Path: /Game/ThirdPerson/Maps/ThirdPersonMap.ThirdPersonMap:PersistentLevel.StaticMeshActor_1
 |- Actor Package: /Game/__ExternalActors__/ThirdPerson/Maps/ThirdPersonMap/6/YO/NG2R9BPZVA7ZDN0Z4VSTG6
 |- Actor Path: /Game/ThirdPerson/Maps/ThirdPersonMap.ThirdPersonMap:PersistentLevel.StaticMeshActor_4
 |- Actor Package: /Game/__ExternalActors__/ThirdPerson/Maps/ThirdPersonMap/5/9Q/U98KGKQ41NJYFOGFQM8ZDY
 |- Actor Path: /Game/ThirdPerson/Maps/ThirdPersonMap.ThirdPersonMap:PersistentLevel.StaticMeshActor_UAID_107C6107A01D3C1102_1407401007
 |- Actor Package: /Game/__ExternalActors__/ThirdPerson/Maps/ThirdPersonMap/E/EI/1RBO6WFR9XP6B0PJ67PIF2
 |- Actor Path: /Game/ThirdPerson/Maps/ThirdPersonMap.ThirdPersonMap:PersistentLevel.StaticMeshActor_UAID_107C6107A01D3C1102_1421128008
 |- Actor Package: /Game/__ExternalActors__/ThirdPerson/Maps/ThirdPersonMap/5/OP/UTNAKPOOQ0822S4J06ZMWX
 |- Actor Path: /Game/ThirdPerson/Maps/ThirdPersonMap.ThirdPersonMap:PersistentLevel.StaticMeshActor_UAID_107C6107A01D3C1102_1439875009
 |- Actor Package: /Game/__ExternalActors__/ThirdPerson/Maps/ThirdPersonMap/7/5H/ZAMO6G7C2UEUKIFA7C2HP2
 |- Actor Path: /Game/ThirdPerson/Maps/ThirdPersonMap.ThirdPersonMap:PersistentLevel.StaticMeshActor_UAID_107C6107A01D401102_1743223729
 |- Actor Package: /Game/__ExternalActors__/ThirdPerson/Maps/ThirdPersonMap/5/6A/S8R13OXETETZPPEDS2EZZJ
 |- Actor Path: /Game/ThirdPerson/Maps/ThirdPersonMap.ThirdPersonMap:PersistentLevel.StaticMeshActor_UAID_107C6107A01D971102_1450536024
 |- Actor Package: /Game/__ExternalActors__/ThirdPerson/Maps/ThirdPersonMap/C/N3/0100B10M1NWWJ17MMVEIJ2
 |- Actor Path: /Game/ThirdPerson/Maps/ThirdPersonMap.ThirdPersonMap:PersistentLevel.StaticMeshActor_UAID_107C6107A01D971102_1450538026
 |- Actor Package: /Game/__ExternalActors__/ThirdPerson/Maps/ThirdPersonMap/9/6E/OIL18H0LN5D25GQISPASNB
 |- Actor Path: /Game/ThirdPerson/Maps/ThirdPersonMap.ThirdPersonMap:PersistentLevel.StaticMeshActor_UAID_107C6107A01D971102_1485224030
 |- Actor Package: /Game/__ExternalActors__/ThirdPerson/Maps/ThirdPersonMap/2/IP/PIWD4108NB6CLWMT3ZROGN
 |- Actor Path: /Game/ThirdPerson/Maps/ThirdPersonMap.ThirdPersonMap:PersistentLevel.StaticMeshActor_UAID_107C6107A01D971102_1509259036
 |- Actor Package: /Game/__ExternalActors__/ThirdPerson/Maps/ThirdPersonMap/3/HG/2AGM86U5CCPMMGLRRMPYNR
 |- Actor Path: /Game/ThirdPerson/Maps/ThirdPersonMap.ThirdPersonMap:PersistentLevel.StaticMeshActor_UAID_107C6107A01DA91102_2121261230
 |- Actor Package: /Game/__ExternalActors__/ThirdPerson/Maps/ThirdPersonMap/A/AR/68086FW1N7VYVP8P9H93DJ
 |- Actor Path: /Game/ThirdPerson/Maps/ThirdPersonMap.ThirdPersonMap:PersistentLevel.StaticMeshActor_UAID_107C6107A01DA91102_2123768231
 |- Actor Package: /Game/__ExternalActors__/ThirdPerson/Maps/ThirdPersonMap/6/1E/DM6UW97CJ9VSDGIUK4CPIZ
 |- Actor Path: /Game/ThirdPerson/Maps/ThirdPersonMap.ThirdPersonMap:PersistentLevel.StaticMeshActor_UAID_107C6107A01DA91102_2126498232
 |- Actor Package: /Game/__ExternalActors__/ThirdPerson/Maps/ThirdPersonMap/3/8D/IOWYG3D65AL1V0G9HXD75L
 |- Actor Path: /Game/ThirdPerson/Maps/ThirdPersonMap.ThirdPersonMap:PersistentLevel.StaticMeshActor_UAID_107C6107A01DA91102_2129062233
 |- Actor Package: /Game/__ExternalActors__/ThirdPerson/Maps/ThirdPersonMap/0/UR/IJ2X5ESS8TFWV73N8J0QCT
 |- Actor Path: /Game/ThirdPerson/Maps/ThirdPersonMap.ThirdPersonMap:PersistentLevel.StaticMeshActor_UAID_107C6107A01DA91102_2131077234
 |- Actor Package: /Game/__ExternalActors__/ThirdPerson/Maps/ThirdPersonMap/5/AC/RIDNVAQSIP4UPEAARBST5U
 |- Actor Path: /Game/ThirdPerson/Maps/ThirdPersonMap.ThirdPersonMap:PersistentLevel.StaticMeshActor_UAID_107C6107A01DAA1102_1173176412
 |- Actor Package: /Game/__ExternalActors__/ThirdPerson/Maps/ThirdPersonMap/8/0K/CGV5DSE4DQRZSPGDTLOHK5
 |- Actor Path: /Game/ThirdPerson/Maps/ThirdPersonMap.ThirdPersonMap:PersistentLevel.StaticMeshActor_UAID_107C6107A01DAA1102_1173178413
 |- Actor Package: /Game/__ExternalActors__/ThirdPerson/Maps/ThirdPersonMap/1/4V/DMGNE5PB5V7Y44W8Y3AUPE
 |- Actor Path: /Game/ThirdPerson/Maps/ThirdPersonMap.ThirdPersonMap:PersistentLevel.StaticMeshActor_UAID_A4AE111137DC5EFB00_1110535423
 |- Actor Package: /Game/__ExternalActors__/ThirdPerson/Maps/ThirdPersonMap/4/PN/2QISIGK5DJNQ05US8O8FXW
 |- Actor Path: /Game/ThirdPerson/Maps/ThirdPersonMap.ThirdPersonMap:PersistentLevel.VolumetricCloud_0
 |- Actor Package: /Game/__ExternalActors__/ThirdPerson/Maps/ThirdPersonMap/3/EY/87SHEJN5UBEAN2K5OV1G6R
 |- Actor Path: /Game/ThirdPerson/Maps/ThirdPersonMap.ThirdPersonMap:PersistentLevel.WorldDataLayers
 |- Actor Package: /Game/__ExternalActors__/ThirdPerson/Maps/ThirdPersonMap/0/43/HYQWORMY4JDQ5X3OKZXFLC

----------------------------------------------------------------------------------------------------------------
ThirdPersonMap - Runtime Hash Set
----------------------------------------------------------------------------------------------------------------

